[0.129s] Invoking command in '/home/lawrencehcj/calculator/src/build/receiver': CMAKE_PREFIX_PATH=${CMAKE_PREFIX_PATH}:/opt/ros/humble /usr/bin/cmake --build /home/lawrencehcj/calculator/src/build/receiver -- -j2 -l2
[0.944s] [100%] Built target receiver_node
[1.059s] Invoked command in '/home/lawrencehcj/calculator/src/build/receiver' returned '0': CMAKE_PREFIX_PATH=${CMAKE_PREFIX_PATH}:/opt/ros/humble /usr/bin/cmake --build /home/lawrencehcj/calculator/src/build/receiver -- -j2 -l2
[1.078s] Invoking command in '/home/lawrencehcj/calculator/src/build/receiver': CMAKE_PREFIX_PATH=${CMAKE_PREFIX_PATH}:/opt/ros/humble /usr/bin/cmake --install /home/lawrencehcj/calculator/src/build/receiver
[1.187s] -- Install configuration: ""
[1.189s] -- Up-to-date: /home/lawrencehcj/calculator/src/install/receiver/lib/receiver/receiver_node
[1.189s] -- Up-to-date: /home/lawrencehcj/calculator/src/install/receiver/share/ament_index/resource_index/package_run_dependencies/receiver
[1.189s] -- Up-to-date: /home/lawrencehcj/calculator/src/install/receiver/share/ament_index/resource_index/parent_prefix_path/receiver
[1.189s] -- Up-to-date: /home/lawrencehcj/calculator/src/install/receiver/share/receiver/environment/ament_prefix_path.sh
[1.189s] -- Up-to-date: /home/lawrencehcj/calculator/src/install/receiver/share/receiver/environment/ament_prefix_path.dsv
[1.192s] -- Up-to-date: /home/lawrencehcj/calculator/src/install/receiver/share/receiver/environment/path.sh
[1.192s] -- Up-to-date: /home/lawrencehcj/calculator/src/install/receiver/share/receiver/environment/path.dsv
[1.192s] -- Up-to-date: /home/lawrencehcj/calculator/src/install/receiver/share/receiver/local_setup.bash
[1.192s] -- Up-to-date: /home/lawrencehcj/calculator/src/install/receiver/share/receiver/local_setup.sh
[1.192s] -- Up-to-date: /home/lawrencehcj/calculator/src/install/receiver/share/receiver/local_setup.zsh
[1.196s] -- Up-to-date: /home/lawrencehcj/calculator/src/install/receiver/share/receiver/local_setup.dsv
[1.197s] -- Installing: /home/lawrencehcj/calculator/src/install/receiver/share/receiver/package.dsv
[1.197s] -- Up-to-date: /home/lawrencehcj/calculator/src/install/receiver/share/ament_index/resource_index/packages/receiver
[1.197s] -- Up-to-date: /home/lawrencehcj/calculator/src/install/receiver/share/receiver/cmake/receiverConfig.cmake
[1.197s] -- Up-to-date: /home/lawrencehcj/calculator/src/install/receiver/share/receiver/cmake/receiverConfig-version.cmake
[1.197s] -- Up-to-date: /home/lawrencehcj/calculator/src/install/receiver/share/receiver/package.xml
[1.260s] Invoked command in '/home/lawrencehcj/calculator/src/build/receiver' returned '0': CMAKE_PREFIX_PATH=${CMAKE_PREFIX_PATH}:/opt/ros/humble /usr/bin/cmake --install /home/lawrencehcj/calculator/src/build/receiver
