[0.778s] DEBUG:colcon:Command line arguments: ['/usr/bin/colcon', 'build']
[0.778s] DEBUG:colcon:Parsed command line arguments: Namespace(log_base=None, log_level=None, verb_name='build', build_base='build', install_base='install', merge_install=False, symlink_install=False, test_result_base=None, continue_on_error=False, executor='parallel', parallel_workers=2, event_handlers=None, ignore_user_meta=False, metas=['./colcon.meta'], base_paths=['.'], packages_ignore=None, packages_ignore_regex=None, paths=None, packages_up_to=None, packages_up_to_regex=None, packages_above=None, packages_above_and_dependencies=None, packages_above_depth=None, packages_select_by_dep=None, packages_skip_by_dep=None, packages_skip_up_to=None, packages_select_build_failed=False, packages_skip_build_finished=False, packages_select_test_failures=False, packages_skip_test_passed=False, packages_select=None, packages_skip=None, packages_select_regex=None, packages_skip_regex=None, packages_start=None, packages_end=None, allow_overriding=[], cmake_args=None, cmake_target=None, cmake_target_skip_unavailable=False, cmake_clean_cache=False, cmake_clean_first=False, cmake_force_configure=False, ament_cmake_args=None, catkin_cmake_args=None, catkin_skip_building_tests=False, verb_parser=<colcon_defaults.argument_parser.defaults.DefaultArgumentsDecorator object at 0x784b5754c970>, verb_extension=<colcon_core.verb.build.BuildVerb object at 0x784b57661c30>, main=<bound method BuildVerb.main of <colcon_core.verb.build.BuildVerb object at 0x784b57661c30>>)
[1.454s] Level 1:colcon.colcon_core.package_discovery:discover_packages(colcon_meta) check parameters
[1.454s] Level 1:colcon.colcon_core.package_discovery:discover_packages(recursive) check parameters
[1.455s] Level 1:colcon.colcon_core.package_discovery:discover_packages(ignore) check parameters
[1.456s] Level 1:colcon.colcon_core.package_discovery:discover_packages(path) check parameters
[1.456s] Level 1:colcon.colcon_core.package_discovery:discover_packages(colcon_meta) discover
[1.456s] Level 1:colcon.colcon_core.package_discovery:discover_packages(recursive) discover
[1.456s] INFO:colcon.colcon_core.package_discovery:Crawling recursively for packages in '/home/lawrencehcj/calculator/src'
[1.456s] Level 1:colcon.colcon_core.package_identification:_identify(.) by extensions ['ignore', 'ignore_ament_install']
[1.456s] Level 1:colcon.colcon_core.package_identification:_identify(.) by extension 'ignore'
[1.457s] Level 1:colcon.colcon_core.package_identification:_identify(.) by extension 'ignore_ament_install'
[1.457s] Level 1:colcon.colcon_core.package_identification:_identify(.) by extensions ['colcon_pkg']
[1.457s] Level 1:colcon.colcon_core.package_identification:_identify(.) by extension 'colcon_pkg'
[1.457s] Level 1:colcon.colcon_core.package_identification:_identify(.) by extensions ['colcon_meta']
[1.457s] Level 1:colcon.colcon_core.package_identification:_identify(.) by extension 'colcon_meta'
[1.457s] Level 1:colcon.colcon_core.package_identification:_identify(.) by extensions ['ros']
[1.457s] Level 1:colcon.colcon_core.package_identification:_identify(.) by extension 'ros'
[1.505s] Level 1:colcon.colcon_core.package_identification:_identify(.) by extensions ['cmake', 'python']
[1.505s] Level 1:colcon.colcon_core.package_identification:_identify(.) by extension 'cmake'
[1.506s] Level 1:colcon.colcon_core.package_identification:_identify(.) by extension 'python'
[1.506s] Level 1:colcon.colcon_core.package_identification:_identify(.) by extensions ['python_setup_py']
[1.506s] Level 1:colcon.colcon_core.package_identification:_identify(.) by extension 'python_setup_py'
[1.506s] Level 1:colcon.colcon_core.package_identification:_identify(build) by extensions ['ignore', 'ignore_ament_install']
[1.506s] Level 1:colcon.colcon_core.package_identification:_identify(build) by extension 'ignore'
[1.506s] Level 1:colcon.colcon_core.package_identification:_identify(build) ignored
[1.507s] Level 1:colcon.colcon_core.package_identification:_identify(install) by extensions ['ignore', 'ignore_ament_install']
[1.507s] Level 1:colcon.colcon_core.package_identification:_identify(install) by extension 'ignore'
[1.507s] Level 1:colcon.colcon_core.package_identification:_identify(install) ignored
[1.507s] Level 1:colcon.colcon_core.package_identification:_identify(log) by extensions ['ignore', 'ignore_ament_install']
[1.508s] Level 1:colcon.colcon_core.package_identification:_identify(log) by extension 'ignore'
[1.508s] Level 1:colcon.colcon_core.package_identification:_identify(log) ignored
[1.508s] Level 1:colcon.colcon_core.package_identification:_identify(publisher) by extensions ['ignore', 'ignore_ament_install']
[1.508s] Level 1:colcon.colcon_core.package_identification:_identify(publisher) by extension 'ignore'
[1.508s] Level 1:colcon.colcon_core.package_identification:_identify(publisher) by extension 'ignore_ament_install'
[1.508s] Level 1:colcon.colcon_core.package_identification:_identify(publisher) by extensions ['colcon_pkg']
[1.508s] Level 1:colcon.colcon_core.package_identification:_identify(publisher) by extension 'colcon_pkg'
[1.508s] Level 1:colcon.colcon_core.package_identification:_identify(publisher) by extensions ['colcon_meta']
[1.508s] Level 1:colcon.colcon_core.package_identification:_identify(publisher) by extension 'colcon_meta'
[1.508s] Level 1:colcon.colcon_core.package_identification:_identify(publisher) by extensions ['ros']
[1.508s] Level 1:colcon.colcon_core.package_identification:_identify(publisher) by extension 'ros'
[1.519s] DEBUG:colcon.colcon_core.package_identification:Package 'publisher' with type 'ros.ament_cmake' and name 'publisher'
[1.519s] Level 1:colcon.colcon_core.package_identification:_identify(receiver) by extensions ['ignore', 'ignore_ament_install']
[1.519s] Level 1:colcon.colcon_core.package_identification:_identify(receiver) by extension 'ignore'
[1.519s] Level 1:colcon.colcon_core.package_identification:_identify(receiver) by extension 'ignore_ament_install'
[1.520s] Level 1:colcon.colcon_core.package_identification:_identify(receiver) by extensions ['colcon_pkg']
[1.520s] Level 1:colcon.colcon_core.package_identification:_identify(receiver) by extension 'colcon_pkg'
[1.520s] Level 1:colcon.colcon_core.package_identification:_identify(receiver) by extensions ['colcon_meta']
[1.520s] Level 1:colcon.colcon_core.package_identification:_identify(receiver) by extension 'colcon_meta'
[1.520s] Level 1:colcon.colcon_core.package_identification:_identify(receiver) by extensions ['ros']
[1.520s] Level 1:colcon.colcon_core.package_identification:_identify(receiver) by extension 'ros'
[1.522s] DEBUG:colcon.colcon_core.package_identification:Package 'receiver' with type 'ros.ament_cmake' and name 'receiver'
[1.522s] Level 1:colcon.colcon_core.package_discovery:discover_packages(recursive) using defaults
[1.523s] Level 1:colcon.colcon_core.package_discovery:discover_packages(ignore) discover
[1.523s] Level 1:colcon.colcon_core.package_discovery:discover_packages(ignore) using defaults
[1.523s] Level 1:colcon.colcon_core.package_discovery:discover_packages(path) discover
[1.523s] Level 1:colcon.colcon_core.package_discovery:discover_packages(path) using defaults
[1.604s] Level 1:colcon.colcon_core.package_discovery:discover_packages(prefix_path) check parameters
[1.604s] Level 1:colcon.colcon_core.package_discovery:discover_packages(prefix_path) discover
[1.614s] DEBUG:colcon.colcon_installed_package_information.package_discovery:Found 1 installed packages in /home/lawrencehcj/ros2_ws/install
[1.618s] DEBUG:colcon.colcon_installed_package_information.package_discovery:Found 306 installed packages in /opt/ros/humble
[1.657s] Level 1:colcon.colcon_core.package_discovery:discover_packages(prefix_path) using defaults
[1.774s] Level 5:colcon.colcon_core.verb:set package 'publisher' build argument 'cmake_args' from command line to 'None'
[1.775s] Level 5:colcon.colcon_core.verb:set package 'publisher' build argument 'cmake_target' from command line to 'None'
[1.775s] Level 5:colcon.colcon_core.verb:set package 'publisher' build argument 'cmake_target_skip_unavailable' from command line to 'False'
[1.775s] Level 5:colcon.colcon_core.verb:set package 'publisher' build argument 'cmake_clean_cache' from command line to 'False'
[1.775s] Level 5:colcon.colcon_core.verb:set package 'publisher' build argument 'cmake_clean_first' from command line to 'False'
[1.775s] Level 5:colcon.colcon_core.verb:set package 'publisher' build argument 'cmake_force_configure' from command line to 'False'
[1.775s] Level 5:colcon.colcon_core.verb:set package 'publisher' build argument 'ament_cmake_args' from command line to 'None'
[1.775s] Level 5:colcon.colcon_core.verb:set package 'publisher' build argument 'catkin_cmake_args' from command line to 'None'
[1.775s] Level 5:colcon.colcon_core.verb:set package 'publisher' build argument 'catkin_skip_building_tests' from command line to 'False'
[1.775s] DEBUG:colcon.colcon_core.verb:Building package 'publisher' with the following arguments: {'ament_cmake_args': None, 'build_base': '/home/lawrencehcj/calculator/src/build/publisher', 'catkin_cmake_args': None, 'catkin_skip_building_tests': False, 'cmake_args': None, 'cmake_clean_cache': False, 'cmake_clean_first': False, 'cmake_force_configure': False, 'cmake_target': None, 'cmake_target_skip_unavailable': False, 'install_base': '/home/lawrencehcj/calculator/src/install/publisher', 'merge_install': False, 'path': '/home/lawrencehcj/calculator/src/publisher', 'symlink_install': False, 'test_result_base': None}
[1.776s] Level 5:colcon.colcon_core.verb:set package 'receiver' build argument 'cmake_args' from command line to 'None'
[1.776s] Level 5:colcon.colcon_core.verb:set package 'receiver' build argument 'cmake_target' from command line to 'None'
[1.776s] Level 5:colcon.colcon_core.verb:set package 'receiver' build argument 'cmake_target_skip_unavailable' from command line to 'False'
[1.776s] Level 5:colcon.colcon_core.verb:set package 'receiver' build argument 'cmake_clean_cache' from command line to 'False'
[1.776s] Level 5:colcon.colcon_core.verb:set package 'receiver' build argument 'cmake_clean_first' from command line to 'False'
[1.776s] Level 5:colcon.colcon_core.verb:set package 'receiver' build argument 'cmake_force_configure' from command line to 'False'
[1.777s] Level 5:colcon.colcon_core.verb:set package 'receiver' build argument 'ament_cmake_args' from command line to 'None'
[1.777s] Level 5:colcon.colcon_core.verb:set package 'receiver' build argument 'catkin_cmake_args' from command line to 'None'
[1.777s] Level 5:colcon.colcon_core.verb:set package 'receiver' build argument 'catkin_skip_building_tests' from command line to 'False'
[1.777s] DEBUG:colcon.colcon_core.verb:Building package 'receiver' with the following arguments: {'ament_cmake_args': None, 'build_base': '/home/lawrencehcj/calculator/src/build/receiver', 'catkin_cmake_args': None, 'catkin_skip_building_tests': False, 'cmake_args': None, 'cmake_clean_cache': False, 'cmake_clean_first': False, 'cmake_force_configure': False, 'cmake_target': None, 'cmake_target_skip_unavailable': False, 'install_base': '/home/lawrencehcj/calculator/src/install/receiver', 'merge_install': False, 'path': '/home/lawrencehcj/calculator/src/receiver', 'symlink_install': False, 'test_result_base': None}
[1.777s] INFO:colcon.colcon_core.executor:Executing jobs using 'parallel' executor
[1.780s] DEBUG:colcon.colcon_parallel_executor.executor.parallel:run_until_complete
[1.780s] INFO:colcon.colcon_ros.task.ament_cmake.build:Building ROS package in '/home/lawrencehcj/calculator/src/publisher' with build type 'ament_cmake'
[1.781s] INFO:colcon.colcon_cmake.task.cmake.build:Building CMake package in '/home/lawrencehcj/calculator/src/publisher'
[1.801s] INFO:colcon.colcon_core.plugin_system:Skipping extension 'colcon_core.shell.bat': Not used on non-Windows systems
[1.802s] INFO:colcon.colcon_core.shell:Skip shell extension 'powershell' for command environment: Not usable outside of PowerShell
[1.802s] DEBUG:colcon.colcon_core.shell:Skip shell extension 'dsv' for command environment
[1.824s] INFO:colcon.colcon_ros.task.ament_cmake.build:Building ROS package in '/home/lawrencehcj/calculator/src/receiver' with build type 'ament_cmake'
[1.824s] INFO:colcon.colcon_cmake.task.cmake.build:Building CMake package in '/home/lawrencehcj/calculator/src/receiver'
[1.829s] INFO:colcon.colcon_core.shell:Skip shell extension 'powershell' for command environment: Not usable outside of PowerShell
[1.829s] DEBUG:colcon.colcon_core.shell:Skip shell extension 'dsv' for command environment
[1.885s] DEBUG:colcon.colcon_core.event_handler.log_command:Invoking command in '/home/lawrencehcj/calculator/src/build/publisher': CMAKE_PREFIX_PATH=${CMAKE_PREFIX_PATH}:/opt/ros/humble /usr/bin/cmake --build /home/lawrencehcj/calculator/src/build/publisher -- -j2 -l2
[1.923s] DEBUG:colcon.colcon_core.event_handler.log_command:Invoking command in '/home/lawrencehcj/calculator/src/build/receiver': CMAKE_PREFIX_PATH=${CMAKE_PREFIX_PATH}:/opt/ros/humble /usr/bin/cmake --build /home/lawrencehcj/calculator/src/build/receiver -- -j2 -l2
[2.547s] DEBUG:colcon.colcon_core.event_handler.log_command:Invoked command in '/home/lawrencehcj/calculator/src/build/receiver' returned '0': CMAKE_PREFIX_PATH=${CMAKE_PREFIX_PATH}:/opt/ros/humble /usr/bin/cmake --build /home/lawrencehcj/calculator/src/build/receiver -- -j2 -l2
[2.582s] DEBUG:colcon.colcon_core.event_handler.log_command:Invoking command in '/home/lawrencehcj/calculator/src/build/receiver': CMAKE_PREFIX_PATH=${CMAKE_PREFIX_PATH}:/opt/ros/humble /usr/bin/cmake --install /home/lawrencehcj/calculator/src/build/receiver
[2.650s] Level 1:colcon.colcon_core.environment:create_environment_scripts_only(receiver)
[2.652s] DEBUG:colcon.colcon_core.event_handler.log_command:Invoked command in '/home/lawrencehcj/calculator/src/build/receiver' returned '0': CMAKE_PREFIX_PATH=${CMAKE_PREFIX_PATH}:/opt/ros/humble /usr/bin/cmake --install /home/lawrencehcj/calculator/src/build/receiver
[2.680s] Level 1:colcon.colcon_core.environment:checking '/home/lawrencehcj/calculator/src/install/receiver' for CMake module files
[2.681s] Level 1:colcon.colcon_core.environment:checking '/home/lawrencehcj/calculator/src/install/receiver' for CMake config files
[2.682s] Level 1:colcon.colcon_core.shell:create_environment_hook('receiver', 'cmake_prefix_path')
[2.682s] INFO:colcon.colcon_core.shell:Creating environment hook '/home/lawrencehcj/calculator/src/install/receiver/share/receiver/hook/cmake_prefix_path.ps1'
[2.685s] INFO:colcon.colcon_core.shell:Creating environment descriptor '/home/lawrencehcj/calculator/src/install/receiver/share/receiver/hook/cmake_prefix_path.dsv'
[2.686s] INFO:colcon.colcon_core.shell:Creating environment hook '/home/lawrencehcj/calculator/src/install/receiver/share/receiver/hook/cmake_prefix_path.sh'
[2.688s] Level 1:colcon.colcon_core.environment:checking '/home/lawrencehcj/calculator/src/install/receiver/lib'
[2.688s] Level 1:colcon.colcon_core.environment:checking '/home/lawrencehcj/calculator/src/install/receiver/bin'
[2.688s] Level 1:colcon.colcon_core.environment:checking '/home/lawrencehcj/calculator/src/install/receiver/lib/pkgconfig/receiver.pc'
[2.689s] Level 1:colcon.colcon_core.environment:checking '/home/lawrencehcj/calculator/src/install/receiver/lib/python3.10/site-packages'
[2.689s] Level 1:colcon.colcon_core.environment:checking '/home/lawrencehcj/calculator/src/install/receiver/bin'
[2.690s] INFO:colcon.colcon_core.shell:Creating package script '/home/lawrencehcj/calculator/src/install/receiver/share/receiver/package.ps1'
[2.691s] INFO:colcon.colcon_core.shell:Creating package descriptor '/home/lawrencehcj/calculator/src/install/receiver/share/receiver/package.dsv'
[2.692s] INFO:colcon.colcon_core.shell:Creating package script '/home/lawrencehcj/calculator/src/install/receiver/share/receiver/package.sh'
[2.694s] INFO:colcon.colcon_core.shell:Creating package script '/home/lawrencehcj/calculator/src/install/receiver/share/receiver/package.bash'
[2.696s] INFO:colcon.colcon_core.shell:Creating package script '/home/lawrencehcj/calculator/src/install/receiver/share/receiver/package.zsh'
[2.698s] Level 1:colcon.colcon_core.environment:create_file_with_runtime_dependencies(/home/lawrencehcj/calculator/src/install/receiver/share/colcon-core/packages/receiver)
[2.700s] Level 1:colcon.colcon_core.environment:create_environment_scripts_only(receiver)
[2.700s] Level 1:colcon.colcon_core.environment:checking '/home/lawrencehcj/calculator/src/install/receiver' for CMake module files
[2.701s] Level 1:colcon.colcon_core.environment:checking '/home/lawrencehcj/calculator/src/install/receiver' for CMake config files
[2.701s] Level 1:colcon.colcon_core.shell:create_environment_hook('receiver', 'cmake_prefix_path')
[2.702s] INFO:colcon.colcon_core.shell:Creating environment hook '/home/lawrencehcj/calculator/src/install/receiver/share/receiver/hook/cmake_prefix_path.ps1'
[2.702s] INFO:colcon.colcon_core.shell:Creating environment descriptor '/home/lawrencehcj/calculator/src/install/receiver/share/receiver/hook/cmake_prefix_path.dsv'
[2.703s] INFO:colcon.colcon_core.shell:Creating environment hook '/home/lawrencehcj/calculator/src/install/receiver/share/receiver/hook/cmake_prefix_path.sh'
[2.704s] Level 1:colcon.colcon_core.environment:checking '/home/lawrencehcj/calculator/src/install/receiver/lib'
[2.704s] Level 1:colcon.colcon_core.environment:checking '/home/lawrencehcj/calculator/src/install/receiver/bin'
[2.704s] Level 1:colcon.colcon_core.environment:checking '/home/lawrencehcj/calculator/src/install/receiver/lib/pkgconfig/receiver.pc'
[2.704s] Level 1:colcon.colcon_core.environment:checking '/home/lawrencehcj/calculator/src/install/receiver/lib/python3.10/site-packages'
[2.705s] Level 1:colcon.colcon_core.environment:checking '/home/lawrencehcj/calculator/src/install/receiver/bin'
[2.705s] INFO:colcon.colcon_core.shell:Creating package script '/home/lawrencehcj/calculator/src/install/receiver/share/receiver/package.ps1'
[2.706s] INFO:colcon.colcon_core.shell:Creating package descriptor '/home/lawrencehcj/calculator/src/install/receiver/share/receiver/package.dsv'
[2.707s] INFO:colcon.colcon_core.shell:Creating package script '/home/lawrencehcj/calculator/src/install/receiver/share/receiver/package.sh'
[2.708s] INFO:colcon.colcon_core.shell:Creating package script '/home/lawrencehcj/calculator/src/install/receiver/share/receiver/package.bash'
[2.710s] INFO:colcon.colcon_core.shell:Creating package script '/home/lawrencehcj/calculator/src/install/receiver/share/receiver/package.zsh'
[2.711s] Level 1:colcon.colcon_core.environment:create_file_with_runtime_dependencies(/home/lawrencehcj/calculator/src/install/receiver/share/colcon-core/packages/receiver)
[2.719s] DEBUG:colcon.colcon_core.event_handler.log_command:Invoked command in '/home/lawrencehcj/calculator/src/build/publisher' returned '0': CMAKE_PREFIX_PATH=${CMAKE_PREFIX_PATH}:/opt/ros/humble /usr/bin/cmake --build /home/lawrencehcj/calculator/src/build/publisher -- -j2 -l2
[2.730s] DEBUG:colcon.colcon_core.event_handler.log_command:Invoking command in '/home/lawrencehcj/calculator/src/build/publisher': CMAKE_PREFIX_PATH=${CMAKE_PREFIX_PATH}:/opt/ros/humble /usr/bin/cmake --install /home/lawrencehcj/calculator/src/build/publisher
[2.797s] Level 1:colcon.colcon_core.environment:create_environment_scripts_only(publisher)
[2.798s] DEBUG:colcon.colcon_core.event_handler.log_command:Invoked command in '/home/lawrencehcj/calculator/src/build/publisher' returned '0': CMAKE_PREFIX_PATH=${CMAKE_PREFIX_PATH}:/opt/ros/humble /usr/bin/cmake --install /home/lawrencehcj/calculator/src/build/publisher
[2.799s] Level 1:colcon.colcon_core.environment:checking '/home/lawrencehcj/calculator/src/install/publisher' for CMake module files
[2.800s] Level 1:colcon.colcon_core.environment:checking '/home/lawrencehcj/calculator/src/install/publisher' for CMake config files
[2.800s] Level 1:colcon.colcon_core.shell:create_environment_hook('publisher', 'cmake_prefix_path')
[2.802s] INFO:colcon.colcon_core.shell:Creating environment hook '/home/lawrencehcj/calculator/src/install/publisher/share/publisher/hook/cmake_prefix_path.ps1'
[2.804s] INFO:colcon.colcon_core.shell:Creating environment descriptor '/home/lawrencehcj/calculator/src/install/publisher/share/publisher/hook/cmake_prefix_path.dsv'
[2.806s] INFO:colcon.colcon_core.shell:Creating environment hook '/home/lawrencehcj/calculator/src/install/publisher/share/publisher/hook/cmake_prefix_path.sh'
[2.808s] Level 1:colcon.colcon_core.environment:checking '/home/lawrencehcj/calculator/src/install/publisher/lib'
[2.808s] Level 1:colcon.colcon_core.environment:checking '/home/lawrencehcj/calculator/src/install/publisher/bin'
[2.809s] Level 1:colcon.colcon_core.environment:checking '/home/lawrencehcj/calculator/src/install/publisher/lib/pkgconfig/publisher.pc'
[2.810s] Level 1:colcon.colcon_core.environment:checking '/home/lawrencehcj/calculator/src/install/publisher/lib/python3.10/site-packages'
[2.811s] Level 1:colcon.colcon_core.environment:checking '/home/lawrencehcj/calculator/src/install/publisher/bin'
[2.811s] INFO:colcon.colcon_core.shell:Creating package script '/home/lawrencehcj/calculator/src/install/publisher/share/publisher/package.ps1'
[2.813s] INFO:colcon.colcon_core.shell:Creating package descriptor '/home/lawrencehcj/calculator/src/install/publisher/share/publisher/package.dsv'
[2.816s] INFO:colcon.colcon_core.shell:Creating package script '/home/lawrencehcj/calculator/src/install/publisher/share/publisher/package.sh'
[2.821s] INFO:colcon.colcon_core.shell:Creating package script '/home/lawrencehcj/calculator/src/install/publisher/share/publisher/package.bash'
[2.826s] INFO:colcon.colcon_core.shell:Creating package script '/home/lawrencehcj/calculator/src/install/publisher/share/publisher/package.zsh'
[2.827s] Level 1:colcon.colcon_core.environment:create_file_with_runtime_dependencies(/home/lawrencehcj/calculator/src/install/publisher/share/colcon-core/packages/publisher)
[2.834s] Level 1:colcon.colcon_core.environment:create_environment_scripts_only(publisher)
[2.834s] Level 1:colcon.colcon_core.environment:checking '/home/lawrencehcj/calculator/src/install/publisher' for CMake module files
[2.836s] Level 1:colcon.colcon_core.environment:checking '/home/lawrencehcj/calculator/src/install/publisher' for CMake config files
[2.838s] Level 1:colcon.colcon_core.shell:create_environment_hook('publisher', 'cmake_prefix_path')
[2.839s] INFO:colcon.colcon_core.shell:Creating environment hook '/home/lawrencehcj/calculator/src/install/publisher/share/publisher/hook/cmake_prefix_path.ps1'
[2.840s] INFO:colcon.colcon_core.shell:Creating environment descriptor '/home/lawrencehcj/calculator/src/install/publisher/share/publisher/hook/cmake_prefix_path.dsv'
[2.841s] INFO:colcon.colcon_core.shell:Creating environment hook '/home/lawrencehcj/calculator/src/install/publisher/share/publisher/hook/cmake_prefix_path.sh'
[2.844s] Level 1:colcon.colcon_core.environment:checking '/home/lawrencehcj/calculator/src/install/publisher/lib'
[2.848s] Level 1:colcon.colcon_core.environment:checking '/home/lawrencehcj/calculator/src/install/publisher/bin'
[2.848s] Level 1:colcon.colcon_core.environment:checking '/home/lawrencehcj/calculator/src/install/publisher/lib/pkgconfig/publisher.pc'
[2.848s] Level 1:colcon.colcon_core.environment:checking '/home/lawrencehcj/calculator/src/install/publisher/lib/python3.10/site-packages'
[2.849s] Level 1:colcon.colcon_core.environment:checking '/home/lawrencehcj/calculator/src/install/publisher/bin'
[2.850s] INFO:colcon.colcon_core.shell:Creating package script '/home/lawrencehcj/calculator/src/install/publisher/share/publisher/package.ps1'
[2.855s] INFO:colcon.colcon_core.shell:Creating package descriptor '/home/lawrencehcj/calculator/src/install/publisher/share/publisher/package.dsv'
[2.856s] INFO:colcon.colcon_core.shell:Creating package script '/home/lawrencehcj/calculator/src/install/publisher/share/publisher/package.sh'
[2.858s] INFO:colcon.colcon_core.shell:Creating package script '/home/lawrencehcj/calculator/src/install/publisher/share/publisher/package.bash'
[2.860s] INFO:colcon.colcon_core.shell:Creating package script '/home/lawrencehcj/calculator/src/install/publisher/share/publisher/package.zsh'
[2.861s] Level 1:colcon.colcon_core.environment:create_file_with_runtime_dependencies(/home/lawrencehcj/calculator/src/install/publisher/share/colcon-core/packages/publisher)
[2.863s] DEBUG:colcon.colcon_parallel_executor.executor.parallel:closing loop
[2.863s] DEBUG:colcon.colcon_parallel_executor.executor.parallel:loop closed
[2.863s] DEBUG:colcon.colcon_parallel_executor.executor.parallel:run_until_complete finished with '0'
[2.863s] DEBUG:colcon.colcon_core.event_reactor:joining thread
[2.898s] INFO:colcon.colcon_core.plugin_system:Skipping extension 'colcon_notification.desktop_notification.terminal_notifier': Not used on non-Darwin systems
[2.899s] INFO:colcon.colcon_core.plugin_system:Skipping extension 'colcon_notification.desktop_notification.win32': Not used on non-Windows systems
[2.899s] INFO:colcon.colcon_notification.desktop_notification:Sending desktop notification using 'notify2'
[2.970s] DEBUG:colcon.colcon_core.event_reactor:joined thread
[2.971s] INFO:colcon.colcon_core.shell:Creating prefix script '/home/lawrencehcj/calculator/src/install/local_setup.ps1'
[2.978s] INFO:colcon.colcon_core.shell:Creating prefix util module '/home/lawrencehcj/calculator/src/install/_local_setup_util_ps1.py'
[2.984s] INFO:colcon.colcon_core.shell:Creating prefix chain script '/home/lawrencehcj/calculator/src/install/setup.ps1'
[2.989s] INFO:colcon.colcon_core.shell:Creating prefix script '/home/lawrencehcj/calculator/src/install/local_setup.sh'
[2.994s] INFO:colcon.colcon_core.shell:Creating prefix util module '/home/lawrencehcj/calculator/src/install/_local_setup_util_sh.py'
[2.995s] INFO:colcon.colcon_core.shell:Creating prefix chain script '/home/lawrencehcj/calculator/src/install/setup.sh'
[2.998s] INFO:colcon.colcon_core.shell:Creating prefix script '/home/lawrencehcj/calculator/src/install/local_setup.bash'
[2.999s] INFO:colcon.colcon_core.shell:Creating prefix chain script '/home/lawrencehcj/calculator/src/install/setup.bash'
[3.004s] INFO:colcon.colcon_core.shell:Creating prefix script '/home/lawrencehcj/calculator/src/install/local_setup.zsh'
[3.008s] INFO:colcon.colcon_core.shell:Creating prefix chain script '/home/lawrencehcj/calculator/src/install/setup.zsh'
