[0.134s] Invoking command in '/home/lawrencehcj/calculator/src/build/publisher': CMAKE_PREFIX_PATH=${CMAKE_PREFIX_PATH}:/opt/ros/humble /usr/bin/cmake --build /home/lawrencehcj/calculator/src/build/publisher -- -j2 -l2
[0.855s] [ 50%] [32mBuilding CXX object CMakeFiles/publisher_node.dir/src/publisher.cpp.o[0m
[22.179s] [100%] [32m[1mLinking CXX executable publisher_node[0m
[23.527s] [100%] Built target publisher_node
[23.611s] Invoked command in '/home/lawrencehcj/calculator/src/build/publisher' returned '0': CMAKE_PREFIX_PATH=${CMAKE_PREFIX_PATH}:/opt/ros/humble /usr/bin/cmake --build /home/lawrencehcj/calculator/src/build/publisher -- -j2 -l2
[23.622s] Invoking command in '/home/lawrencehcj/calculator/src/build/publisher': CMAKE_PREFIX_PATH=${CMAKE_PREFIX_PATH}:/opt/ros/humble /usr/bin/cmake --install /home/lawrencehcj/calculator/src/build/publisher
[23.713s] -- Install configuration: ""
[23.713s] -- Installing: /home/lawrencehcj/calculator/src/install/publisher/lib/publisher/publisher_node
[23.726s] -- Set runtime path of "/home/lawrencehcj/calculator/src/install/publisher/lib/publisher/publisher_node" to ""
[23.729s] -- Up-to-date: /home/lawrencehcj/calculator/src/install/publisher/share/ament_index/resource_index/package_run_dependencies/publisher
[23.734s] -- Up-to-date: /home/lawrencehcj/calculator/src/install/publisher/share/ament_index/resource_index/parent_prefix_path/publisher
[23.735s] -- Up-to-date: /home/lawrencehcj/calculator/src/install/publisher/share/publisher/environment/ament_prefix_path.sh
[23.735s] -- Up-to-date: /home/lawrencehcj/calculator/src/install/publisher/share/publisher/environment/ament_prefix_path.dsv
[23.735s] -- Up-to-date: /home/lawrencehcj/calculator/src/install/publisher/share/publisher/environment/path.sh
[23.735s] -- Up-to-date: /home/lawrencehcj/calculator/src/install/publisher/share/publisher/environment/path.dsv
[23.735s] -- Up-to-date: /home/lawrencehcj/calculator/src/install/publisher/share/publisher/local_setup.bash
[23.735s] -- Up-to-date: /home/lawrencehcj/calculator/src/install/publisher/share/publisher/local_setup.sh
[23.735s] -- Up-to-date: /home/lawrencehcj/calculator/src/install/publisher/share/publisher/local_setup.zsh
[23.735s] -- Up-to-date: /home/lawrencehcj/calculator/src/install/publisher/share/publisher/local_setup.dsv
[23.744s] -- Installing: /home/lawrencehcj/calculator/src/install/publisher/share/publisher/package.dsv
[23.744s] -- Up-to-date: /home/lawrencehcj/calculator/src/install/publisher/share/ament_index/resource_index/packages/publisher
[23.745s] -- Up-to-date: /home/lawrencehcj/calculator/src/install/publisher/share/publisher/cmake/publisherConfig.cmake
[23.745s] -- Up-to-date: /home/lawrencehcj/calculator/src/install/publisher/share/publisher/cmake/publisherConfig-version.cmake
[23.745s] -- Up-to-date: /home/lawrencehcj/calculator/src/install/publisher/share/publisher/package.xml
[23.763s] Invoked command in '/home/lawrencehcj/calculator/src/build/publisher' returned '0': CMAKE_PREFIX_PATH=${CMAKE_PREFIX_PATH}:/opt/ros/humble /usr/bin/cmake --install /home/lawrencehcj/calculator/src/build/publisher
