[0.122s] Invoking command in '/home/lawrencehcj/calculator/src/build/publisher': CMAKE_PREFIX_PATH=${CMAKE_PREFIX_PATH}:/opt/ros/humble /usr/bin/cmake --build /home/lawrencehcj/calculator/src/build/publisher -- -j2 -l2
[0.845s] [100%] Built target publisher_node
[0.943s] Invoked command in '/home/lawrencehcj/calculator/src/build/publisher' returned '0': CMAKE_PREFIX_PATH=${CMAKE_PREFIX_PATH}:/opt/ros/humble /usr/bin/cmake --build /home/lawrencehcj/calculator/src/build/publisher -- -j2 -l2
[1.037s] Invoking command in '/home/lawrencehcj/calculator/src/build/publisher': CMAKE_PREFIX_PATH=${CMAKE_PREFIX_PATH}:/opt/ros/humble /usr/bin/cmake --install /home/lawrencehcj/calculator/src/build/publisher
[1.094s] -- Install configuration: ""
[1.110s] -- Up-to-date: /home/lawrencehcj/calculator/src/install/publisher/lib/publisher/publisher_node
[1.110s] -- Up-to-date: /home/lawrencehcj/calculator/src/install/publisher/share/ament_index/resource_index/package_run_dependencies/publisher
[1.110s] -- Up-to-date: /home/lawrencehcj/calculator/src/install/publisher/share/ament_index/resource_index/parent_prefix_path/publisher
[1.110s] -- Up-to-date: /home/lawrencehcj/calculator/src/install/publisher/share/publisher/environment/ament_prefix_path.sh
[1.110s] -- Up-to-date: /home/lawrencehcj/calculator/src/install/publisher/share/publisher/environment/ament_prefix_path.dsv
[1.115s] -- Up-to-date: /home/lawrencehcj/calculator/src/install/publisher/share/publisher/environment/path.sh
[1.118s] -- Up-to-date: /home/lawrencehcj/calculator/src/install/publisher/share/publisher/environment/path.dsv
[1.118s] -- Up-to-date: /home/lawrencehcj/calculator/src/install/publisher/share/publisher/local_setup.bash
[1.118s] -- Up-to-date: /home/lawrencehcj/calculator/src/install/publisher/share/publisher/local_setup.sh
[1.118s] -- Up-to-date: /home/lawrencehcj/calculator/src/install/publisher/share/publisher/local_setup.zsh
[1.120s] -- Up-to-date: /home/lawrencehcj/calculator/src/install/publisher/share/publisher/local_setup.dsv
[1.124s] -- Installing: /home/lawrencehcj/calculator/src/install/publisher/share/publisher/package.dsv
[1.124s] -- Up-to-date: /home/lawrencehcj/calculator/src/install/publisher/share/ament_index/resource_index/packages/publisher
[1.124s] -- Up-to-date: /home/lawrencehcj/calculator/src/install/publisher/share/publisher/cmake/publisherConfig.cmake
[1.124s] -- Up-to-date: /home/lawrencehcj/calculator/src/install/publisher/share/publisher/cmake/publisherConfig-version.cmake
[1.126s] -- Up-to-date: /home/lawrencehcj/calculator/src/install/publisher/share/publisher/package.xml
[1.138s] Invoked command in '/home/lawrencehcj/calculator/src/build/publisher' returned '0': CMAKE_PREFIX_PATH=${CMAKE_PREFIX_PATH}:/opt/ros/humble /usr/bin/cmake --install /home/lawrencehcj/calculator/src/build/publisher
