[0.014s] Invoking command in '/home/lawrencehcj/calculator/src/publisher/build/publisher': CMAKE_PREFIX_PATH=${CMAKE_PREFIX_PATH}:/opt/ros/humble /usr/bin/cmake /home/lawrencehcj/calculator/src/publisher -DCMAKE_INSTALL_PREFIX=/home/lawrencehcj/calculator/src/publisher/install/publisher
[0.074s] -- The C compiler identification is GNU 11.4.0
[0.148s] -- The CXX compiler identification is GNU 11.4.0
[0.152s] -- Detecting C compiler ABI info
[0.231s] -- Detecting C compiler ABI info - done
[0.238s] -- Check for working C compiler: /usr/bin/cc - skipped
[0.239s] -- Detecting C compile features
[0.239s] -- Detecting C compile features - done
[0.243s] -- Detecting CXX compiler ABI info
[0.361s] -- Detecting CXX compiler ABI info - done
[0.373s] -- Check for working CXX compiler: /usr/bin/c++ - skipped
[0.373s] -- Detecting CXX compile features
[0.373s] -- Detecting CXX compile features - done
[0.377s] -- Found ament_cmake: 1.3.11 (/opt/ros/humble/share/ament_cmake/cmake)
[0.552s] -- Found Python3: /usr/bin/python3 (found version "3.10.12") found components: Interpreter 
[0.627s] -- Found rclcpp: 16.0.11 (/opt/ros/humble/share/rclcpp/cmake)
[0.698s] -- Found rosidl_generator_c: 3.1.6 (/opt/ros/humble/share/rosidl_generator_c/cmake)
[0.705s] -- Found rosidl_adapter: 3.1.6 (/opt/ros/humble/share/rosidl_adapter/cmake)
[0.714s] -- Found rosidl_generator_cpp: 3.1.6 (/opt/ros/humble/share/rosidl_generator_cpp/cmake)
[0.722s] -- Using all available rosidl_typesupport_c: rosidl_typesupport_fastrtps_c;rosidl_typesupport_introspection_c
[0.737s] -- Using all available rosidl_typesupport_cpp: rosidl_typesupport_fastrtps_cpp;rosidl_typesupport_introspection_cpp
[0.783s] -- Found rmw_implementation_cmake: 6.1.2 (/opt/ros/humble/share/rmw_implementation_cmake/cmake)
[0.788s] -- Found rmw_fastrtps_cpp: 6.2.7 (/opt/ros/humble/share/rmw_fastrtps_cpp/cmake)
[0.894s] -- Found OpenSSL: /usr/lib/x86_64-linux-gnu/libcrypto.so (found version "3.0.2")  
[0.923s] -- Found FastRTPS: /opt/ros/humble/include  
[0.954s] -- Using RMW implementation 'rmw_fastrtps_cpp' as default
[0.961s] -- Looking for pthread.h
[1.099s] -- Looking for pthread.h - found
[1.099s] -- Performing Test CMAKE_HAVE_LIBC_PTHREAD
[1.375s] -- Performing Test CMAKE_HAVE_LIBC_PTHREAD - Success
[1.378s] -- Found Threads: TRUE  
[1.773s] -- Configuring done
[1.809s] -- Generating done
[1.824s] -- Build files have been written to: /home/lawrencehcj/calculator/src/publisher/build/publisher
[1.894s] Invoked command in '/home/lawrencehcj/calculator/src/publisher/build/publisher' returned '0': CMAKE_PREFIX_PATH=${CMAKE_PREFIX_PATH}:/opt/ros/humble /usr/bin/cmake /home/lawrencehcj/calculator/src/publisher -DCMAKE_INSTALL_PREFIX=/home/lawrencehcj/calculator/src/publisher/install/publisher
[1.899s] Invoking command in '/home/lawrencehcj/calculator/src/publisher/build/publisher': CMAKE_PREFIX_PATH=${CMAKE_PREFIX_PATH}:/opt/ros/humble /usr/bin/cmake --build /home/lawrencehcj/calculator/src/publisher/build/publisher -- -j2 -l2
[2.234s] [ 50%] [32mBuilding CXX object CMakeFiles/publisher_node.dir/src/publisher.cpp.o[0m
[15.849s] [100%] [32m[1mLinking CXX executable publisher_node[0m
[16.348s] [100%] Built target publisher_node
[16.396s] Invoked command in '/home/lawrencehcj/calculator/src/publisher/build/publisher' returned '0': CMAKE_PREFIX_PATH=${CMAKE_PREFIX_PATH}:/opt/ros/humble /usr/bin/cmake --build /home/lawrencehcj/calculator/src/publisher/build/publisher -- -j2 -l2
[16.426s] Invoking command in '/home/lawrencehcj/calculator/src/publisher/build/publisher': CMAKE_PREFIX_PATH=${CMAKE_PREFIX_PATH}:/opt/ros/humble /usr/bin/cmake --install /home/lawrencehcj/calculator/src/publisher/build/publisher
[16.460s] -- Install configuration: ""
[16.460s] -- Installing: /home/lawrencehcj/calculator/src/publisher/install/publisher/lib/publisher/publisher_node
[16.465s] -- Set runtime path of "/home/lawrencehcj/calculator/src/publisher/install/publisher/lib/publisher/publisher_node" to ""
[16.465s] -- Installing: /home/lawrencehcj/calculator/src/publisher/install/publisher/share/ament_index/resource_index/package_run_dependencies/publisher
[16.465s] -- Installing: /home/lawrencehcj/calculator/src/publisher/install/publisher/share/ament_index/resource_index/parent_prefix_path/publisher
[16.466s] -- Installing: /home/lawrencehcj/calculator/src/publisher/install/publisher/share/publisher/environment/ament_prefix_path.sh
[16.469s] -- Installing: /home/lawrencehcj/calculator/src/publisher/install/publisher/share/publisher/environment/ament_prefix_path.dsv
[16.470s] -- Installing: /home/lawrencehcj/calculator/src/publisher/install/publisher/share/publisher/environment/path.sh
[16.470s] -- Installing: /home/lawrencehcj/calculator/src/publisher/install/publisher/share/publisher/environment/path.dsv
[16.470s] -- Installing: /home/lawrencehcj/calculator/src/publisher/install/publisher/share/publisher/local_setup.bash
[16.470s] -- Installing: /home/lawrencehcj/calculator/src/publisher/install/publisher/share/publisher/local_setup.sh
[16.470s] -- Installing: /home/lawrencehcj/calculator/src/publisher/install/publisher/share/publisher/local_setup.zsh
[16.470s] -- Installing: /home/lawrencehcj/calculator/src/publisher/install/publisher/share/publisher/local_setup.dsv
[16.474s] -- Installing: /home/lawrencehcj/calculator/src/publisher/install/publisher/share/publisher/package.dsv
[16.475s] -- Installing: /home/lawrencehcj/calculator/src/publisher/install/publisher/share/ament_index/resource_index/packages/publisher
[16.476s] -- Installing: /home/lawrencehcj/calculator/src/publisher/install/publisher/share/publisher/cmake/publisherConfig.cmake
[16.477s] -- Installing: /home/lawrencehcj/calculator/src/publisher/install/publisher/share/publisher/cmake/publisherConfig-version.cmake
[16.478s] -- Installing: /home/lawrencehcj/calculator/src/publisher/install/publisher/share/publisher/package.xml
[16.478s] Invoked command in '/home/lawrencehcj/calculator/src/publisher/build/publisher' returned '0': CMAKE_PREFIX_PATH=${CMAKE_PREFIX_PATH}:/opt/ros/humble /usr/bin/cmake --install /home/lawrencehcj/calculator/src/publisher/build/publisher
