[0.068s] Invoking command in '/home/lawrencehcj/calculator/src/build/publisher': CMAKE_PREFIX_PATH=${CMAKE_PREFIX_PATH}:/opt/ros/humble /usr/bin/cmake /home/lawrencehcj/calculator/src/publisher -DCMAKE_INSTALL_PREFIX=/home/lawrencehcj/calculator/src/install/publisher
[0.662s] -- The C compiler identification is GNU 11.4.0
[1.144s] -- The CXX compiler identification is GNU 11.4.0
[1.214s] -- Detecting C compiler ABI info
[1.896s] -- Detecting C compiler ABI info - done
[1.946s] -- Check for working C compiler: /usr/bin/cc - skipped
[1.948s] -- Detecting C compile features
[1.953s] -- Detecting C compile features - done
[1.981s] -- Detecting CXX compiler ABI info
[2.805s] -- Detecting CXX compiler ABI info - done
[2.853s] -- Check for working CXX compiler: /usr/bin/c++ - skipped
[2.854s] -- Detecting CXX compile features
[2.856s] -- Detecting CXX compile features - done
[2.865s] -- Found ament_cmake: 1.3.11 (/opt/ros/humble/share/ament_cmake/cmake)
[3.458s] -- Found Python3: /usr/bin/python3 (found version "3.10.12") found components: Interpreter 
[3.879s] -- Found rclcpp: 16.0.11 (/opt/ros/humble/share/rclcpp/cmake)
[4.032s] -- Found rosidl_generator_c: 3.1.6 (/opt/ros/humble/share/rosidl_generator_c/cmake)
[4.049s] -- Found rosidl_adapter: 3.1.6 (/opt/ros/humble/share/rosidl_adapter/cmake)
[4.085s] -- Found rosidl_generator_cpp: 3.1.6 (/opt/ros/humble/share/rosidl_generator_cpp/cmake)
[4.144s] -- Using all available rosidl_typesupport_c: rosidl_typesupport_fastrtps_c;rosidl_typesupport_introspection_c
[4.212s] -- Using all available rosidl_typesupport_cpp: rosidl_typesupport_fastrtps_cpp;rosidl_typesupport_introspection_cpp
[4.398s] -- Found rmw_implementation_cmake: 6.1.2 (/opt/ros/humble/share/rmw_implementation_cmake/cmake)
[4.412s] -- Found rmw_fastrtps_cpp: 6.2.7 (/opt/ros/humble/share/rmw_fastrtps_cpp/cmake)
[4.845s] -- Found OpenSSL: /usr/lib/x86_64-linux-gnu/libcrypto.so (found version "3.0.2")  
[4.965s] -- Found FastRTPS: /opt/ros/humble/include  
[5.129s] -- Using RMW implementation 'rmw_fastrtps_cpp' as default
[5.200s] -- Looking for pthread.h
[5.820s] -- Looking for pthread.h - found
[5.821s] -- Performing Test CMAKE_HAVE_LIBC_PTHREAD
[6.428s] -- Performing Test CMAKE_HAVE_LIBC_PTHREAD - Success
[6.433s] -- Found Threads: TRUE  
[7.315s] -- Configuring done
[7.373s] -- Generating done
[7.400s] -- Build files have been written to: /home/lawrencehcj/calculator/src/build/publisher
[7.486s] Invoked command in '/home/lawrencehcj/calculator/src/build/publisher' returned '0': CMAKE_PREFIX_PATH=${CMAKE_PREFIX_PATH}:/opt/ros/humble /usr/bin/cmake /home/lawrencehcj/calculator/src/publisher -DCMAKE_INSTALL_PREFIX=/home/lawrencehcj/calculator/src/install/publisher
[7.494s] Invoking command in '/home/lawrencehcj/calculator/src/build/publisher': CMAKE_PREFIX_PATH=${CMAKE_PREFIX_PATH}:/opt/ros/humble /usr/bin/cmake --build /home/lawrencehcj/calculator/src/build/publisher -- -j2 -l2
[7.978s] [ 50%] [32mBuilding CXX object CMakeFiles/publisher_node.dir/src/publisher.cpp.o[0m
[37.051s] [100%] [32m[1mLinking CXX executable publisher_node[0m
[38.083s] [100%] Built target publisher_node
[38.165s] Invoked command in '/home/lawrencehcj/calculator/src/build/publisher' returned '0': CMAKE_PREFIX_PATH=${CMAKE_PREFIX_PATH}:/opt/ros/humble /usr/bin/cmake --build /home/lawrencehcj/calculator/src/build/publisher -- -j2 -l2
[38.226s] Invoking command in '/home/lawrencehcj/calculator/src/build/publisher': CMAKE_PREFIX_PATH=${CMAKE_PREFIX_PATH}:/opt/ros/humble /usr/bin/cmake --install /home/lawrencehcj/calculator/src/build/publisher
[38.297s] -- Install configuration: ""
[38.306s] -- Installing: /home/lawrencehcj/calculator/src/install/publisher/share/ament_index/resource_index/package_run_dependencies/publisher
[38.311s] -- Installing: /home/lawrencehcj/calculator/src/install/publisher/share/ament_index/resource_index/parent_prefix_path/publisher
[38.312s] -- Installing: /home/lawrencehcj/calculator/src/install/publisher/share/publisher/environment/ament_prefix_path.sh
[38.313s] -- Installing: /home/lawrencehcj/calculator/src/install/publisher/share/publisher/environment/ament_prefix_path.dsv
[38.315s] -- Installing: /home/lawrencehcj/calculator/src/install/publisher/share/publisher/environment/path.sh
[38.318s] -- Installing: /home/lawrencehcj/calculator/src/install/publisher/share/publisher/environment/path.dsv
[38.320s] -- Installing: /home/lawrencehcj/calculator/src/install/publisher/share/publisher/local_setup.bash
[38.321s] -- Installing: /home/lawrencehcj/calculator/src/install/publisher/share/publisher/local_setup.sh
[38.325s] -- Installing: /home/lawrencehcj/calculator/src/install/publisher/share/publisher/local_setup.zsh
[38.325s] -- Installing: /home/lawrencehcj/calculator/src/install/publisher/share/publisher/local_setup.dsv
[38.325s] -- Installing: /home/lawrencehcj/calculator/src/install/publisher/share/publisher/package.dsv
[38.327s] -- Installing: /home/lawrencehcj/calculator/src/install/publisher/share/ament_index/resource_index/packages/publisher
[38.329s] -- Installing: /home/lawrencehcj/calculator/src/install/publisher/share/publisher/cmake/publisherConfig.cmake
[38.332s] -- Installing: /home/lawrencehcj/calculator/src/install/publisher/share/publisher/cmake/publisherConfig-version.cmake
[38.333s] -- Installing: /home/lawrencehcj/calculator/src/install/publisher/share/publisher/package.xml
[38.348s] Invoked command in '/home/lawrencehcj/calculator/src/build/publisher' returned '0': CMAKE_PREFIX_PATH=${CMAKE_PREFIX_PATH}:/opt/ros/humble /usr/bin/cmake --install /home/lawrencehcj/calculator/src/build/publisher
