[0.087s] Invoking command in '/home/lawrencehcj/calculator/src/build/receiver': CMAKE_PREFIX_PATH=${CMAKE_PREFIX_PATH}:/opt/ros/humble /usr/bin/cmake --build /home/lawrencehcj/calculator/src/build/receiver -- -j2 -l2
[0.345s] [35m[1mConsolidate compiler generated dependencies of target receiver_node[0m
[0.478s] [100%] Built target receiver_node
[0.574s] Invoked command in '/home/lawrencehcj/calculator/src/build/receiver' returned '0': CMAKE_PREFIX_PATH=${CMAKE_PREFIX_PATH}:/opt/ros/humble /usr/bin/cmake --build /home/lawrencehcj/calculator/src/build/receiver -- -j2 -l2
[0.627s] Invoking command in '/home/lawrencehcj/calculator/src/build/receiver': CMAKE_PREFIX_PATH=${CMAKE_PREFIX_PATH}:/opt/ros/humble /usr/bin/cmake --install /home/lawrencehcj/calculator/src/build/receiver
[0.664s] -- Install configuration: ""
[0.666s] -- Up-to-date: /home/lawrencehcj/calculator/src/install/receiver/share/ament_index/resource_index/package_run_dependencies/receiver
[0.667s] -- Up-to-date: /home/lawrencehcj/calculator/src/install/receiver/share/ament_index/resource_index/parent_prefix_path/receiver
[0.667s] -- Up-to-date: /home/lawrencehcj/calculator/src/install/receiver/share/receiver/environment/ament_prefix_path.sh
[0.667s] -- Up-to-date: /home/lawrencehcj/calculator/src/install/receiver/share/receiver/environment/ament_prefix_path.dsv
[0.667s] -- Up-to-date: /home/lawrencehcj/calculator/src/install/receiver/share/receiver/environment/path.sh
[0.670s] -- Up-to-date: /home/lawrencehcj/calculator/src/install/receiver/share/receiver/environment/path.dsv
[0.670s] -- Up-to-date: /home/lawrencehcj/calculator/src/install/receiver/share/receiver/local_setup.bash
[0.670s] -- Up-to-date: /home/lawrencehcj/calculator/src/install/receiver/share/receiver/local_setup.sh
[0.670s] -- Up-to-date: /home/lawrencehcj/calculator/src/install/receiver/share/receiver/local_setup.zsh
[0.670s] -- Up-to-date: /home/lawrencehcj/calculator/src/install/receiver/share/receiver/local_setup.dsv
[0.671s] -- Installing: /home/lawrencehcj/calculator/src/install/receiver/share/receiver/package.dsv
[0.672s] -- Up-to-date: /home/lawrencehcj/calculator/src/install/receiver/share/ament_index/resource_index/packages/receiver
[0.673s] -- Up-to-date: /home/lawrencehcj/calculator/src/install/receiver/share/receiver/cmake/receiverConfig.cmake
[0.673s] -- Up-to-date: /home/lawrencehcj/calculator/src/install/receiver/share/receiver/cmake/receiverConfig-version.cmake
[0.673s] -- Up-to-date: /home/lawrencehcj/calculator/src/install/receiver/share/receiver/package.xml
[0.678s] Invoked command in '/home/lawrencehcj/calculator/src/build/receiver' returned '0': CMAKE_PREFIX_PATH=${CMAKE_PREFIX_PATH}:/opt/ros/humble /usr/bin/cmake --install /home/lawrencehcj/calculator/src/build/receiver
