[0.066s] Invoking command in '/home/lawrencehcj/calculator/src/build/receiver': CMAKE_PREFIX_PATH=${CMAKE_PREFIX_PATH}:/opt/ros/humble /usr/bin/cmake /home/lawrencehcj/calculator/src/receiver -DCMAKE_INSTALL_PREFIX=/home/lawrencehcj/calculator/src/install/receiver
[0.635s] -- The C compiler identification is GNU 11.4.0
[1.114s] -- The CXX compiler identification is GNU 11.4.0
[1.182s] -- Detecting C compiler ABI info
[1.846s] -- Detecting C compiler ABI info - done
[1.873s] -- Check for working C compiler: /usr/bin/cc - skipped
[1.877s] -- Detecting C compile features
[1.883s] -- Detecting C compile features - done
[1.900s] -- Detecting CXX compiler ABI info
[2.455s] -- Detecting CXX compiler ABI info - done
[2.507s] -- Check for working CXX compiler: /usr/bin/c++ - skipped
[2.507s] -- Detecting CXX compile features
[2.509s] -- Detecting CXX compile features - done
[2.537s] -- Found ament_cmake: 1.3.11 (/opt/ros/humble/share/ament_cmake/cmake)
[3.255s] -- Found Python3: /usr/bin/python3 (found version "3.10.12") found components: Interpreter 
[3.827s] -- Found rclcpp: 16.0.11 (/opt/ros/humble/share/rclcpp/cmake)
[4.087s] -- Found rosidl_generator_c: 3.1.6 (/opt/ros/humble/share/rosidl_generator_c/cmake)
[4.126s] -- Found rosidl_adapter: 3.1.6 (/opt/ros/humble/share/rosidl_adapter/cmake)
[4.155s] -- Found rosidl_generator_cpp: 3.1.6 (/opt/ros/humble/share/rosidl_generator_cpp/cmake)
[4.218s] -- Using all available rosidl_typesupport_c: rosidl_typesupport_fastrtps_c;rosidl_typesupport_introspection_c
[4.286s] -- Using all available rosidl_typesupport_cpp: rosidl_typesupport_fastrtps_cpp;rosidl_typesupport_introspection_cpp
[4.505s] -- Found rmw_implementation_cmake: 6.1.2 (/opt/ros/humble/share/rmw_implementation_cmake/cmake)
[4.524s] -- Found rmw_fastrtps_cpp: 6.2.7 (/opt/ros/humble/share/rmw_fastrtps_cpp/cmake)
[4.934s] -- Found OpenSSL: /usr/lib/x86_64-linux-gnu/libcrypto.so (found version "3.0.2")  
[5.035s] -- Found FastRTPS: /opt/ros/humble/include  
[5.154s] -- Using RMW implementation 'rmw_fastrtps_cpp' as default
[5.209s] -- Looking for pthread.h
[5.688s] -- Looking for pthread.h - found
[5.688s] -- Performing Test CMAKE_HAVE_LIBC_PTHREAD
[6.403s] -- Performing Test CMAKE_HAVE_LIBC_PTHREAD - Success
[6.412s] -- Found Threads: TRUE  
[7.097s] -- Configuring done
[7.153s] -- Generating done
[7.175s] -- Build files have been written to: /home/lawrencehcj/calculator/src/build/receiver
[7.244s] Invoked command in '/home/lawrencehcj/calculator/src/build/receiver' returned '0': CMAKE_PREFIX_PATH=${CMAKE_PREFIX_PATH}:/opt/ros/humble /usr/bin/cmake /home/lawrencehcj/calculator/src/receiver -DCMAKE_INSTALL_PREFIX=/home/lawrencehcj/calculator/src/install/receiver
[7.249s] Invoking command in '/home/lawrencehcj/calculator/src/build/receiver': CMAKE_PREFIX_PATH=${CMAKE_PREFIX_PATH}:/opt/ros/humble /usr/bin/cmake --build /home/lawrencehcj/calculator/src/build/receiver -- -j2 -l2
[7.724s] [ 50%] [32mBuilding CXX object CMakeFiles/receiver_node.dir/src/receiver.cpp.o[0m
[55.334s] [100%] [32m[1mLinking CXX executable receiver_node[0m
[56.933s] [100%] Built target receiver_node
[56.986s] Invoked command in '/home/lawrencehcj/calculator/src/build/receiver' returned '0': CMAKE_PREFIX_PATH=${CMAKE_PREFIX_PATH}:/opt/ros/humble /usr/bin/cmake --build /home/lawrencehcj/calculator/src/build/receiver -- -j2 -l2
[56.992s] Invoking command in '/home/lawrencehcj/calculator/src/build/receiver': CMAKE_PREFIX_PATH=${CMAKE_PREFIX_PATH}:/opt/ros/humble /usr/bin/cmake --install /home/lawrencehcj/calculator/src/build/receiver
[57.040s] -- Install configuration: ""
[57.041s] -- Installing: /home/lawrencehcj/calculator/src/install/receiver/share/ament_index/resource_index/package_run_dependencies/receiver
[57.041s] -- Installing: /home/lawrencehcj/calculator/src/install/receiver/share/ament_index/resource_index/parent_prefix_path/receiver
[57.041s] -- Installing: /home/lawrencehcj/calculator/src/install/receiver/share/receiver/environment/ament_prefix_path.sh
[57.041s] -- Installing: /home/lawrencehcj/calculator/src/install/receiver/share/receiver/environment/ament_prefix_path.dsv
[57.041s] -- Installing: /home/lawrencehcj/calculator/src/install/receiver/share/receiver/environment/path.sh
[57.041s] -- Installing: /home/lawrencehcj/calculator/src/install/receiver/share/receiver/environment/path.dsv
[57.041s] -- Installing: /home/lawrencehcj/calculator/src/install/receiver/share/receiver/local_setup.bash
[57.043s] -- Installing: /home/lawrencehcj/calculator/src/install/receiver/share/receiver/local_setup.sh
[57.044s] -- Installing: /home/lawrencehcj/calculator/src/install/receiver/share/receiver/local_setup.zsh
[57.044s] -- Installing: /home/lawrencehcj/calculator/src/install/receiver/share/receiver/local_setup.dsv
[57.044s] -- Installing: /home/lawrencehcj/calculator/src/install/receiver/share/receiver/package.dsv
[57.044s] -- Installing: /home/lawrencehcj/calculator/src/install/receiver/share/ament_index/resource_index/packages/receiver
[57.044s] -- Installing: /home/lawrencehcj/calculator/src/install/receiver/share/receiver/cmake/receiverConfig.cmake
[57.044s] -- Installing: /home/lawrencehcj/calculator/src/install/receiver/share/receiver/cmake/receiverConfig-version.cmake
[57.045s] -- Installing: /home/lawrencehcj/calculator/src/install/receiver/share/receiver/package.xml
[57.051s] Invoked command in '/home/lawrencehcj/calculator/src/build/receiver' returned '0': CMAKE_PREFIX_PATH=${CMAKE_PREFIX_PATH}:/opt/ros/humble /usr/bin/cmake --install /home/lawrencehcj/calculator/src/build/receiver
