[0.064s] Invoking command in '/home/lawrencehcj/calculator/src/build/publisher': CMAKE_PREFIX_PATH=${CMAKE_PREFIX_PATH}:/opt/ros/humble /usr/bin/cmake --build /home/lawrencehcj/calculator/src/build/publisher -- -j2 -l2
[0.255s] -- Found ament_cmake: 1.3.11 (/opt/ros/humble/share/ament_cmake/cmake)
[0.877s] -- Found rclcpp: 16.0.11 (/opt/ros/humble/share/rclcpp/cmake)
[0.994s] -- Found rosidl_generator_c: 3.1.6 (/opt/ros/humble/share/rosidl_generator_c/cmake)
[1.002s] -- Found rosidl_adapter: 3.1.6 (/opt/ros/humble/share/rosidl_adapter/cmake)
[1.021s] -- Found rosidl_generator_cpp: 3.1.6 (/opt/ros/humble/share/rosidl_generator_cpp/cmake)
[1.073s] -- Using all available rosidl_typesupport_c: rosidl_typesupport_fastrtps_c;rosidl_typesupport_introspection_c
[1.107s] -- Using all available rosidl_typesupport_cpp: rosidl_typesupport_fastrtps_cpp;rosidl_typesupport_introspection_cpp
[1.221s] -- Found rmw_implementation_cmake: 6.1.2 (/opt/ros/humble/share/rmw_implementation_cmake/cmake)
[1.230s] -- Found rmw_fastrtps_cpp: 6.2.7 (/opt/ros/humble/share/rmw_fastrtps_cpp/cmake)
[1.638s] -- Using RMW implementation 'rmw_fastrtps_cpp' as default
[1.824s] [31mCMake Error at /opt/ros/humble/share/ament_cmake_target_dependencies/cmake/ament_target_dependencies.cmake:42 (message):
[1.824s]   ament_target_dependencies() the first argument must be a valid target name
[1.824s] Call Stack (most recent call first):
[1.824s]   CMakeLists.txt:19 (ament_target_dependencies)
[1.825s] 
[1.825s] [0m
[1.825s] -- Configuring incomplete, errors occurred!
[1.825s] See also "/home/lawrencehcj/calculator/src/build/publisher/CMakeFiles/CMakeOutput.log".
[1.867s] gmake: *** [Makefile:267：cmake_check_build_system] 错误 1
[1.882s] Invoked command in '/home/lawrencehcj/calculator/src/build/publisher' returned '2': CMAKE_PREFIX_PATH=${CMAKE_PREFIX_PATH}:/opt/ros/humble /usr/bin/cmake --build /home/lawrencehcj/calculator/src/build/publisher -- -j2 -l2
