[0.047s] Invoking command in '/home/lawrencehcj/calculator/src/receiver/build/receiver': CMAKE_PREFIX_PATH=${CMAKE_PREFIX_PATH}:/opt/ros/humble /usr/bin/cmake /home/lawrencehcj/calculator/src/receiver -DCMAKE_INSTALL_PREFIX=/home/lawrencehcj/calculator/src/receiver/install/receiver
[0.339s] -- The C compiler identification is GNU 11.4.0
[0.580s] -- The CXX compiler identification is GNU 11.4.0
[0.605s] -- Detecting C compiler ABI info
[0.846s] -- Detecting C compiler ABI info - done
[0.865s] -- Check for working C compiler: /usr/bin/cc - skipped
[0.866s] -- Detecting C compile features
[0.867s] -- Detecting C compile features - done
[0.878s] -- Detecting CXX compiler ABI info
[1.202s] -- Detecting CXX compiler ABI info - done
[1.224s] -- Check for working CXX compiler: /usr/bin/c++ - skipped
[1.226s] -- Detecting CXX compile features
[1.226s] -- Detecting CXX compile features - done
[1.235s] -- Found ament_cmake: 1.3.11 (/opt/ros/humble/share/ament_cmake/cmake)
[1.667s] -- Found Python3: /usr/bin/python3 (found version "3.10.12") found components: Interpreter 
[1.910s] -- Found rclcpp: 16.0.11 (/opt/ros/humble/share/rclcpp/cmake)
[2.007s] -- Found rosidl_generator_c: 3.1.6 (/opt/ros/humble/share/rosidl_generator_c/cmake)
[2.020s] -- Found rosidl_adapter: 3.1.6 (/opt/ros/humble/share/rosidl_adapter/cmake)
[2.037s] -- Found rosidl_generator_cpp: 3.1.6 (/opt/ros/humble/share/rosidl_generator_cpp/cmake)
[2.079s] -- Using all available rosidl_typesupport_c: rosidl_typesupport_fastrtps_c;rosidl_typesupport_introspection_c
[2.113s] -- Using all available rosidl_typesupport_cpp: rosidl_typesupport_fastrtps_cpp;rosidl_typesupport_introspection_cpp
[2.214s] -- Found rmw_implementation_cmake: 6.1.2 (/opt/ros/humble/share/rmw_implementation_cmake/cmake)
[2.219s] -- Found rmw_fastrtps_cpp: 6.2.7 (/opt/ros/humble/share/rmw_fastrtps_cpp/cmake)
[2.494s] -- Found OpenSSL: /usr/lib/x86_64-linux-gnu/libcrypto.so (found version "3.0.2")  
[2.562s] -- Found FastRTPS: /opt/ros/humble/include  
[2.711s] -- Using RMW implementation 'rmw_fastrtps_cpp' as default
[2.747s] -- Looking for pthread.h
[3.049s] -- Looking for pthread.h - found
[3.049s] -- Performing Test CMAKE_HAVE_LIBC_PTHREAD
[3.335s] -- Performing Test CMAKE_HAVE_LIBC_PTHREAD - Success
[3.342s] -- Found Threads: TRUE  
[3.677s] -- Configuring done
[3.706s] -- Generating done
[3.714s] -- Build files have been written to: /home/lawrencehcj/calculator/src/receiver/build/receiver
[3.756s] Invoked command in '/home/lawrencehcj/calculator/src/receiver/build/receiver' returned '0': CMAKE_PREFIX_PATH=${CMAKE_PREFIX_PATH}:/opt/ros/humble /usr/bin/cmake /home/lawrencehcj/calculator/src/receiver -DCMAKE_INSTALL_PREFIX=/home/lawrencehcj/calculator/src/receiver/install/receiver
[3.761s] Invoking command in '/home/lawrencehcj/calculator/src/receiver/build/receiver': CMAKE_PREFIX_PATH=${CMAKE_PREFIX_PATH}:/opt/ros/humble /usr/bin/cmake --build /home/lawrencehcj/calculator/src/receiver/build/receiver -- -j2 -l2
[3.963s] [ 50%] [32mBuilding CXX object CMakeFiles/receiver_node.dir/src/receiver.cpp.o[0m
[36.253s] [100%] [32m[1mLinking CXX executable receiver_node[0m
[38.016s] [100%] Built target receiver_node
[38.057s] Invoked command in '/home/lawrencehcj/calculator/src/receiver/build/receiver' returned '0': CMAKE_PREFIX_PATH=${CMAKE_PREFIX_PATH}:/opt/ros/humble /usr/bin/cmake --build /home/lawrencehcj/calculator/src/receiver/build/receiver -- -j2 -l2
[38.094s] Invoking command in '/home/lawrencehcj/calculator/src/receiver/build/receiver': CMAKE_PREFIX_PATH=${CMAKE_PREFIX_PATH}:/opt/ros/humble /usr/bin/cmake --install /home/lawrencehcj/calculator/src/receiver/build/receiver
[38.118s] -- Install configuration: ""
[38.119s] -- Installing: /home/lawrencehcj/calculator/src/receiver/install/receiver/lib/receiver/receiver_node
[38.136s] -- Set runtime path of "/home/lawrencehcj/calculator/src/receiver/install/receiver/lib/receiver/receiver_node" to ""
[38.136s] -- Installing: /home/lawrencehcj/calculator/src/receiver/install/receiver/share/ament_index/resource_index/package_run_dependencies/receiver
[38.137s] -- Installing: /home/lawrencehcj/calculator/src/receiver/install/receiver/share/ament_index/resource_index/parent_prefix_path/receiver
[38.139s] -- Installing: /home/lawrencehcj/calculator/src/receiver/install/receiver/share/receiver/environment/ament_prefix_path.sh
[38.139s] -- Installing: /home/lawrencehcj/calculator/src/receiver/install/receiver/share/receiver/environment/ament_prefix_path.dsv
[38.139s] -- Installing: /home/lawrencehcj/calculator/src/receiver/install/receiver/share/receiver/environment/path.sh
[38.139s] -- Installing: /home/lawrencehcj/calculator/src/receiver/install/receiver/share/receiver/environment/path.dsv
[38.143s] -- Installing: /home/lawrencehcj/calculator/src/receiver/install/receiver/share/receiver/local_setup.bash
[38.143s] -- Installing: /home/lawrencehcj/calculator/src/receiver/install/receiver/share/receiver/local_setup.sh
[38.144s] -- Installing: /home/lawrencehcj/calculator/src/receiver/install/receiver/share/receiver/local_setup.zsh
[38.145s] -- Installing: /home/lawrencehcj/calculator/src/receiver/install/receiver/share/receiver/local_setup.dsv
[38.145s] -- Installing: /home/lawrencehcj/calculator/src/receiver/install/receiver/share/receiver/package.dsv
[38.145s] -- Installing: /home/lawrencehcj/calculator/src/receiver/install/receiver/share/ament_index/resource_index/packages/receiver
[38.145s] -- Installing: /home/lawrencehcj/calculator/src/receiver/install/receiver/share/receiver/cmake/receiverConfig.cmake
[38.145s] -- Installing: /home/lawrencehcj/calculator/src/receiver/install/receiver/share/receiver/cmake/receiverConfig-version.cmake
[38.145s] -- Installing: /home/lawrencehcj/calculator/src/receiver/install/receiver/share/receiver/package.xml
[38.153s] Invoked command in '/home/lawrencehcj/calculator/src/receiver/build/receiver' returned '0': CMAKE_PREFIX_PATH=${CMAKE_PREFIX_PATH}:/opt/ros/humble /usr/bin/cmake --install /home/lawrencehcj/calculator/src/receiver/build/receiver
