[0.031s] Invoking command in '/home/lawrencehcj/calculator/build/publisher': CMAKE_PREFIX_PATH=${CMAKE_PREFIX_PATH}:/opt/ros/humble /usr/bin/cmake /home/lawrencehcj/calculator/publisher -DCMAKE_INSTALL_PREFIX=/home/lawrencehcj/calculator/install/publisher
[0.147s] -- The C compiler identification is GNU 11.4.0
[0.265s] -- The CXX compiler identification is GNU 11.4.0
[0.279s] -- Detecting C compiler ABI info
[0.395s] -- Detecting C compiler ABI info - done
[0.404s] -- Check for working C compiler: /usr/bin/cc - skipped
[0.405s] -- Detecting C compile features
[0.406s] -- Detecting C compile features - done
[0.412s] -- Detecting CXX compiler ABI info
[0.589s] -- Detecting CXX compiler ABI info - done
[0.599s] -- Check for working CXX compiler: /usr/bin/c++ - skipped
[0.600s] -- Detecting CXX compile features
[0.601s] -- Detecting CXX compile features - done
[0.604s] -- Found ament_cmake: 1.3.11 (/opt/ros/humble/share/ament_cmake/cmake)
[0.906s] -- Found Python3: /usr/bin/python3 (found version "3.10.12") found components: Interpreter 
[1.044s] -- Found rclcpp: 16.0.11 (/opt/ros/humble/share/rclcpp/cmake)
[1.100s] -- Found rosidl_generator_c: 3.1.6 (/opt/ros/humble/share/rosidl_generator_c/cmake)
[1.107s] -- Found rosidl_adapter: 3.1.6 (/opt/ros/humble/share/rosidl_adapter/cmake)
[1.126s] -- Found rosidl_generator_cpp: 3.1.6 (/opt/ros/humble/share/rosidl_generator_cpp/cmake)
[1.152s] -- Using all available rosidl_typesupport_c: rosidl_typesupport_fastrtps_c;rosidl_typesupport_introspection_c
[1.176s] -- Using all available rosidl_typesupport_cpp: rosidl_typesupport_fastrtps_cpp;rosidl_typesupport_introspection_cpp
[1.242s] -- Found rmw_implementation_cmake: 6.1.2 (/opt/ros/humble/share/rmw_implementation_cmake/cmake)
[1.245s] -- Found rmw_fastrtps_cpp: 6.2.7 (/opt/ros/humble/share/rmw_fastrtps_cpp/cmake)
[1.391s] -- Found OpenSSL: /usr/lib/x86_64-linux-gnu/libcrypto.so (found version "3.0.2")  
[1.441s] -- Found FastRTPS: /opt/ros/humble/include  
[1.495s] -- Using RMW implementation 'rmw_fastrtps_cpp' as default
[1.506s] -- Looking for pthread.h
[1.660s] -- Looking for pthread.h - found
[1.661s] -- Performing Test CMAKE_HAVE_LIBC_PTHREAD
[1.790s] -- Performing Test CMAKE_HAVE_LIBC_PTHREAD - Success
[1.792s] -- Found Threads: TRUE  
[1.861s] -- Found ament_lint_auto: 0.12.11 (/opt/ros/humble/share/ament_lint_auto/cmake)
[1.980s] -- Added test 'lint_cmake' to check CMake code style
[1.982s] -- Added test 'xmllint' to check XML markup files
[1.986s] -- Configuring done
[1.991s] -- Generating done
[1.995s] -- Build files have been written to: /home/lawrencehcj/calculator/build/publisher
[2.011s] Invoked command in '/home/lawrencehcj/calculator/build/publisher' returned '0': CMAKE_PREFIX_PATH=${CMAKE_PREFIX_PATH}:/opt/ros/humble /usr/bin/cmake /home/lawrencehcj/calculator/publisher -DCMAKE_INSTALL_PREFIX=/home/lawrencehcj/calculator/install/publisher
[2.013s] Invoking command in '/home/lawrencehcj/calculator/build/publisher': CMAKE_PREFIX_PATH=${CMAKE_PREFIX_PATH}:/opt/ros/humble /usr/bin/cmake --build /home/lawrencehcj/calculator/build/publisher -- -j2 -l2
[2.136s] Invoked command in '/home/lawrencehcj/calculator/build/publisher' returned '0': CMAKE_PREFIX_PATH=${CMAKE_PREFIX_PATH}:/opt/ros/humble /usr/bin/cmake --build /home/lawrencehcj/calculator/build/publisher -- -j2 -l2
[2.137s] Invoking command in '/home/lawrencehcj/calculator/build/publisher': CMAKE_PREFIX_PATH=${CMAKE_PREFIX_PATH}:/opt/ros/humble /usr/bin/cmake --install /home/lawrencehcj/calculator/build/publisher
[2.150s] -- Install configuration: ""
[2.150s] -- Installing: /home/lawrencehcj/calculator/install/publisher/share/ament_index/resource_index/package_run_dependencies/publisher
[2.151s] -- Installing: /home/lawrencehcj/calculator/install/publisher/share/ament_index/resource_index/parent_prefix_path/publisher
[2.153s] -- Installing: /home/lawrencehcj/calculator/install/publisher/share/publisher/environment/ament_prefix_path.sh
[2.153s] -- Installing: /home/lawrencehcj/calculator/install/publisher/share/publisher/environment/ament_prefix_path.dsv
[2.154s] -- Installing: /home/lawrencehcj/calculator/install/publisher/share/publisher/environment/path.sh
[2.154s] -- Installing: /home/lawrencehcj/calculator/install/publisher/share/publisher/environment/path.dsv
[2.154s] -- Installing: /home/lawrencehcj/calculator/install/publisher/share/publisher/local_setup.bash
[2.155s] -- Installing: /home/lawrencehcj/calculator/install/publisher/share/publisher/local_setup.sh
[2.156s] -- Installing: /home/lawrencehcj/calculator/install/publisher/share/publisher/local_setup.zsh
[2.157s] -- Installing: /home/lawrencehcj/calculator/install/publisher/share/publisher/local_setup.dsv
[2.157s] -- Installing: /home/lawrencehcj/calculator/install/publisher/share/publisher/package.dsv
[2.157s] -- Installing: /home/lawrencehcj/calculator/install/publisher/share/ament_index/resource_index/packages/publisher
[2.157s] -- Installing: /home/lawrencehcj/calculator/install/publisher/share/publisher/cmake/publisherConfig.cmake
[2.158s] -- Installing: /home/lawrencehcj/calculator/install/publisher/share/publisher/cmake/publisherConfig-version.cmake
[2.158s] -- Installing: /home/lawrencehcj/calculator/install/publisher/share/publisher/package.xml
[2.186s] Invoked command in '/home/lawrencehcj/calculator/build/publisher' returned '0': CMAKE_PREFIX_PATH=${CMAKE_PREFIX_PATH}:/opt/ros/humble /usr/bin/cmake --install /home/lawrencehcj/calculator/build/publisher
