[0.310s] DEBUG:colcon:Command line arguments: ['/usr/bin/colcon', 'build']
[0.311s] DEBUG:colcon:Parsed command line arguments: Namespace(log_base=None, log_level=None, verb_name='build', build_base='build', install_base='install', merge_install=False, symlink_install=False, test_result_base=None, continue_on_error=False, executor='parallel', parallel_workers=2, event_handlers=None, ignore_user_meta=False, metas=['./colcon.meta'], base_paths=['.'], packages_ignore=None, packages_ignore_regex=None, paths=None, packages_up_to=None, packages_up_to_regex=None, packages_above=None, packages_above_and_dependencies=None, packages_above_depth=None, packages_select_by_dep=None, packages_skip_by_dep=None, packages_skip_up_to=None, packages_select_build_failed=False, packages_skip_build_finished=False, packages_select_test_failures=False, packages_skip_test_passed=False, packages_select=None, packages_skip=None, packages_select_regex=None, packages_skip_regex=None, packages_start=None, packages_end=None, allow_overriding=[], cmake_args=None, cmake_target=None, cmake_target_skip_unavailable=False, cmake_clean_cache=False, cmake_clean_first=False, cmake_force_configure=False, ament_cmake_args=None, catkin_cmake_args=None, catkin_skip_building_tests=False, verb_parser=<colcon_defaults.argument_parser.defaults.DefaultArgumentsDecorator object at 0x720b39db4970>, verb_extension=<colcon_core.verb.build.BuildVerb object at 0x720b39f49c30>, main=<bound method BuildVerb.main of <colcon_core.verb.build.BuildVerb object at 0x720b39f49c30>>)
[0.753s] Level 1:colcon.colcon_core.package_discovery:discover_packages(colcon_meta) check parameters
[0.754s] Level 1:colcon.colcon_core.package_discovery:discover_packages(recursive) check parameters
[0.755s] Level 1:colcon.colcon_core.package_discovery:discover_packages(ignore) check parameters
[0.755s] Level 1:colcon.colcon_core.package_discovery:discover_packages(path) check parameters
[0.755s] Level 1:colcon.colcon_core.package_discovery:discover_packages(colcon_meta) discover
[0.755s] Level 1:colcon.colcon_core.package_discovery:discover_packages(recursive) discover
[0.755s] INFO:colcon.colcon_core.package_discovery:Crawling recursively for packages in '/home/lawrencehcj/calculator/src'
[0.756s] Level 1:colcon.colcon_core.package_identification:_identify(.) by extensions ['ignore', 'ignore_ament_install']
[0.756s] Level 1:colcon.colcon_core.package_identification:_identify(.) by extension 'ignore'
[0.756s] Level 1:colcon.colcon_core.package_identification:_identify(.) by extension 'ignore_ament_install'
[0.756s] Level 1:colcon.colcon_core.package_identification:_identify(.) by extensions ['colcon_pkg']
[0.756s] Level 1:colcon.colcon_core.package_identification:_identify(.) by extension 'colcon_pkg'
[0.756s] Level 1:colcon.colcon_core.package_identification:_identify(.) by extensions ['colcon_meta']
[0.756s] Level 1:colcon.colcon_core.package_identification:_identify(.) by extension 'colcon_meta'
[0.756s] Level 1:colcon.colcon_core.package_identification:_identify(.) by extensions ['ros']
[0.756s] Level 1:colcon.colcon_core.package_identification:_identify(.) by extension 'ros'
[0.790s] Level 1:colcon.colcon_core.package_identification:_identify(.) by extensions ['cmake', 'python']
[0.790s] Level 1:colcon.colcon_core.package_identification:_identify(.) by extension 'cmake'
[0.791s] Level 1:colcon.colcon_core.package_identification:_identify(.) by extension 'python'
[0.791s] Level 1:colcon.colcon_core.package_identification:_identify(.) by extensions ['python_setup_py']
[0.791s] Level 1:colcon.colcon_core.package_identification:_identify(.) by extension 'python_setup_py'
[0.791s] Level 1:colcon.colcon_core.package_identification:_identify(build) by extensions ['ignore', 'ignore_ament_install']
[0.791s] Level 1:colcon.colcon_core.package_identification:_identify(build) by extension 'ignore'
[0.792s] Level 1:colcon.colcon_core.package_identification:_identify(build) ignored
[0.792s] Level 1:colcon.colcon_core.package_identification:_identify(install) by extensions ['ignore', 'ignore_ament_install']
[0.792s] Level 1:colcon.colcon_core.package_identification:_identify(install) by extension 'ignore'
[0.792s] Level 1:colcon.colcon_core.package_identification:_identify(install) ignored
[0.792s] Level 1:colcon.colcon_core.package_identification:_identify(log) by extensions ['ignore', 'ignore_ament_install']
[0.793s] Level 1:colcon.colcon_core.package_identification:_identify(log) by extension 'ignore'
[0.793s] Level 1:colcon.colcon_core.package_identification:_identify(log) ignored
[0.793s] Level 1:colcon.colcon_core.package_identification:_identify(publisher) by extensions ['ignore', 'ignore_ament_install']
[0.793s] Level 1:colcon.colcon_core.package_identification:_identify(publisher) by extension 'ignore'
[0.793s] Level 1:colcon.colcon_core.package_identification:_identify(publisher) by extension 'ignore_ament_install'
[0.793s] Level 1:colcon.colcon_core.package_identification:_identify(publisher) by extensions ['colcon_pkg']
[0.793s] Level 1:colcon.colcon_core.package_identification:_identify(publisher) by extension 'colcon_pkg'
[0.793s] Level 1:colcon.colcon_core.package_identification:_identify(publisher) by extensions ['colcon_meta']
[0.794s] Level 1:colcon.colcon_core.package_identification:_identify(publisher) by extension 'colcon_meta'
[0.794s] Level 1:colcon.colcon_core.package_identification:_identify(publisher) by extensions ['ros']
[0.794s] Level 1:colcon.colcon_core.package_identification:_identify(publisher) by extension 'ros'
[0.800s] DEBUG:colcon.colcon_core.package_identification:Package 'publisher' with type 'ros.ament_cmake' and name 'publisher'
[0.801s] Level 1:colcon.colcon_core.package_identification:_identify(receiver) by extensions ['ignore', 'ignore_ament_install']
[0.801s] Level 1:colcon.colcon_core.package_identification:_identify(receiver) by extension 'ignore'
[0.801s] Level 1:colcon.colcon_core.package_identification:_identify(receiver) by extension 'ignore_ament_install'
[0.801s] Level 1:colcon.colcon_core.package_identification:_identify(receiver) by extensions ['colcon_pkg']
[0.801s] Level 1:colcon.colcon_core.package_identification:_identify(receiver) by extension 'colcon_pkg'
[0.801s] Level 1:colcon.colcon_core.package_identification:_identify(receiver) by extensions ['colcon_meta']
[0.801s] Level 1:colcon.colcon_core.package_identification:_identify(receiver) by extension 'colcon_meta'
[0.801s] Level 1:colcon.colcon_core.package_identification:_identify(receiver) by extensions ['ros']
[0.802s] Level 1:colcon.colcon_core.package_identification:_identify(receiver) by extension 'ros'
[0.803s] DEBUG:colcon.colcon_core.package_identification:Package 'receiver' with type 'ros.ament_cmake' and name 'receiver'
[0.803s] Level 1:colcon.colcon_core.package_discovery:discover_packages(recursive) using defaults
[0.803s] Level 1:colcon.colcon_core.package_discovery:discover_packages(ignore) discover
[0.803s] Level 1:colcon.colcon_core.package_discovery:discover_packages(ignore) using defaults
[0.803s] Level 1:colcon.colcon_core.package_discovery:discover_packages(path) discover
[0.803s] Level 1:colcon.colcon_core.package_discovery:discover_packages(path) using defaults
[0.857s] Level 1:colcon.colcon_core.package_discovery:discover_packages(prefix_path) check parameters
[0.857s] Level 1:colcon.colcon_core.package_discovery:discover_packages(prefix_path) discover
[0.866s] DEBUG:colcon.colcon_installed_package_information.package_discovery:Found 0 installed packages in /home/lawrencehcj/install
[0.868s] DEBUG:colcon.colcon_installed_package_information.package_discovery:Found 1 installed packages in /home/lawrencehcj/ros2_ws/install
[0.872s] DEBUG:colcon.colcon_installed_package_information.package_discovery:Found 306 installed packages in /opt/ros/humble
[0.909s] Level 1:colcon.colcon_core.package_discovery:discover_packages(prefix_path) using defaults
[1.035s] Level 5:colcon.colcon_core.verb:set package 'publisher' build argument 'cmake_args' from command line to 'None'
[1.035s] Level 5:colcon.colcon_core.verb:set package 'publisher' build argument 'cmake_target' from command line to 'None'
[1.035s] Level 5:colcon.colcon_core.verb:set package 'publisher' build argument 'cmake_target_skip_unavailable' from command line to 'False'
[1.035s] Level 5:colcon.colcon_core.verb:set package 'publisher' build argument 'cmake_clean_cache' from command line to 'False'
[1.035s] Level 5:colcon.colcon_core.verb:set package 'publisher' build argument 'cmake_clean_first' from command line to 'False'
[1.036s] Level 5:colcon.colcon_core.verb:set package 'publisher' build argument 'cmake_force_configure' from command line to 'False'
[1.036s] Level 5:colcon.colcon_core.verb:set package 'publisher' build argument 'ament_cmake_args' from command line to 'None'
[1.036s] Level 5:colcon.colcon_core.verb:set package 'publisher' build argument 'catkin_cmake_args' from command line to 'None'
[1.036s] Level 5:colcon.colcon_core.verb:set package 'publisher' build argument 'catkin_skip_building_tests' from command line to 'False'
[1.036s] DEBUG:colcon.colcon_core.verb:Building package 'publisher' with the following arguments: {'ament_cmake_args': None, 'build_base': '/home/lawrencehcj/calculator/src/build/publisher', 'catkin_cmake_args': None, 'catkin_skip_building_tests': False, 'cmake_args': None, 'cmake_clean_cache': False, 'cmake_clean_first': False, 'cmake_force_configure': False, 'cmake_target': None, 'cmake_target_skip_unavailable': False, 'install_base': '/home/lawrencehcj/calculator/src/install/publisher', 'merge_install': False, 'path': '/home/lawrencehcj/calculator/src/publisher', 'symlink_install': False, 'test_result_base': None}
[1.037s] Level 5:colcon.colcon_core.verb:set package 'receiver' build argument 'cmake_args' from command line to 'None'
[1.037s] Level 5:colcon.colcon_core.verb:set package 'receiver' build argument 'cmake_target' from command line to 'None'
[1.037s] Level 5:colcon.colcon_core.verb:set package 'receiver' build argument 'cmake_target_skip_unavailable' from command line to 'False'
[1.037s] Level 5:colcon.colcon_core.verb:set package 'receiver' build argument 'cmake_clean_cache' from command line to 'False'
[1.037s] Level 5:colcon.colcon_core.verb:set package 'receiver' build argument 'cmake_clean_first' from command line to 'False'
[1.037s] Level 5:colcon.colcon_core.verb:set package 'receiver' build argument 'cmake_force_configure' from command line to 'False'
[1.037s] Level 5:colcon.colcon_core.verb:set package 'receiver' build argument 'ament_cmake_args' from command line to 'None'
[1.038s] Level 5:colcon.colcon_core.verb:set package 'receiver' build argument 'catkin_cmake_args' from command line to 'None'
[1.038s] Level 5:colcon.colcon_core.verb:set package 'receiver' build argument 'catkin_skip_building_tests' from command line to 'False'
[1.039s] DEBUG:colcon.colcon_core.verb:Building package 'receiver' with the following arguments: {'ament_cmake_args': None, 'build_base': '/home/lawrencehcj/calculator/src/build/receiver', 'catkin_cmake_args': None, 'catkin_skip_building_tests': False, 'cmake_args': None, 'cmake_clean_cache': False, 'cmake_clean_first': False, 'cmake_force_configure': False, 'cmake_target': None, 'cmake_target_skip_unavailable': False, 'install_base': '/home/lawrencehcj/calculator/src/install/receiver', 'merge_install': False, 'path': '/home/lawrencehcj/calculator/src/receiver', 'symlink_install': False, 'test_result_base': None}
[1.039s] INFO:colcon.colcon_core.executor:Executing jobs using 'parallel' executor
[1.042s] DEBUG:colcon.colcon_parallel_executor.executor.parallel:run_until_complete
[1.044s] INFO:colcon.colcon_ros.task.ament_cmake.build:Building ROS package in '/home/lawrencehcj/calculator/src/publisher' with build type 'ament_cmake'
[1.045s] INFO:colcon.colcon_cmake.task.cmake.build:Building CMake package in '/home/lawrencehcj/calculator/src/publisher'
[1.050s] INFO:colcon.colcon_core.plugin_system:Skipping extension 'colcon_core.shell.bat': Not used on non-Windows systems
[1.050s] INFO:colcon.colcon_core.shell:Skip shell extension 'powershell' for command environment: Not usable outside of PowerShell
[1.050s] DEBUG:colcon.colcon_core.shell:Skip shell extension 'dsv' for command environment
[1.065s] INFO:colcon.colcon_ros.task.ament_cmake.build:Building ROS package in '/home/lawrencehcj/calculator/src/receiver' with build type 'ament_cmake'
[1.067s] INFO:colcon.colcon_cmake.task.cmake.build:Building CMake package in '/home/lawrencehcj/calculator/src/receiver'
[1.076s] INFO:colcon.colcon_core.shell:Skip shell extension 'powershell' for command environment: Not usable outside of PowerShell
[1.076s] DEBUG:colcon.colcon_core.shell:Skip shell extension 'dsv' for command environment
[1.131s] DEBUG:colcon.colcon_core.event_handler.log_command:Invoking command in '/home/lawrencehcj/calculator/src/build/publisher': CMAKE_PREFIX_PATH=${CMAKE_PREFIX_PATH}:/opt/ros/humble /usr/bin/cmake --build /home/lawrencehcj/calculator/src/build/publisher -- -j2 -l2
[1.158s] DEBUG:colcon.colcon_core.event_handler.log_command:Invoking command in '/home/lawrencehcj/calculator/src/build/receiver': CMAKE_PREFIX_PATH=${CMAKE_PREFIX_PATH}:/opt/ros/humble /usr/bin/cmake --build /home/lawrencehcj/calculator/src/build/receiver -- -j2 -l2
[1.649s] DEBUG:colcon.colcon_core.event_handler.log_command:Invoked command in '/home/lawrencehcj/calculator/src/build/receiver' returned '0': CMAKE_PREFIX_PATH=${CMAKE_PREFIX_PATH}:/opt/ros/humble /usr/bin/cmake --build /home/lawrencehcj/calculator/src/build/receiver -- -j2 -l2
[1.729s] DEBUG:colcon.colcon_core.event_handler.log_command:Invoking command in '/home/lawrencehcj/calculator/src/build/receiver': CMAKE_PREFIX_PATH=${CMAKE_PREFIX_PATH}:/opt/ros/humble /usr/bin/cmake --install /home/lawrencehcj/calculator/src/build/receiver
[1.742s] DEBUG:colcon.colcon_core.event_handler.log_command:Invoked command in '/home/lawrencehcj/calculator/src/build/publisher' returned '0': CMAKE_PREFIX_PATH=${CMAKE_PREFIX_PATH}:/opt/ros/humble /usr/bin/cmake --build /home/lawrencehcj/calculator/src/build/publisher -- -j2 -l2
[1.744s] DEBUG:colcon.colcon_core.event_handler.log_command:Invoking command in '/home/lawrencehcj/calculator/src/build/publisher': CMAKE_PREFIX_PATH=${CMAKE_PREFIX_PATH}:/opt/ros/humble /usr/bin/cmake --install /home/lawrencehcj/calculator/src/build/publisher
[1.836s] Level 1:colcon.colcon_core.environment:create_environment_scripts_only(receiver)
[1.840s] DEBUG:colcon.colcon_core.event_handler.log_command:Invoked command in '/home/lawrencehcj/calculator/src/build/receiver' returned '0': CMAKE_PREFIX_PATH=${CMAKE_PREFIX_PATH}:/opt/ros/humble /usr/bin/cmake --install /home/lawrencehcj/calculator/src/build/receiver
[1.848s] Level 1:colcon.colcon_core.environment:checking '/home/lawrencehcj/calculator/src/install/receiver' for CMake module files
[1.849s] Level 1:colcon.colcon_core.environment:checking '/home/lawrencehcj/calculator/src/install/receiver' for CMake config files
[1.850s] Level 1:colcon.colcon_core.shell:create_environment_hook('receiver', 'cmake_prefix_path')
[1.850s] INFO:colcon.colcon_core.shell:Creating environment hook '/home/lawrencehcj/calculator/src/install/receiver/share/receiver/hook/cmake_prefix_path.ps1'
[1.853s] INFO:colcon.colcon_core.shell:Creating environment descriptor '/home/lawrencehcj/calculator/src/install/receiver/share/receiver/hook/cmake_prefix_path.dsv'
[1.855s] INFO:colcon.colcon_core.shell:Creating environment hook '/home/lawrencehcj/calculator/src/install/receiver/share/receiver/hook/cmake_prefix_path.sh'
[1.858s] Level 1:colcon.colcon_core.environment:checking '/home/lawrencehcj/calculator/src/install/receiver/lib'
[1.859s] Level 1:colcon.colcon_core.environment:checking '/home/lawrencehcj/calculator/src/install/receiver/bin'
[1.859s] Level 1:colcon.colcon_core.environment:checking '/home/lawrencehcj/calculator/src/install/receiver/lib/pkgconfig/receiver.pc'
[1.860s] Level 1:colcon.colcon_core.environment:checking '/home/lawrencehcj/calculator/src/install/receiver/lib/python3.10/site-packages'
[1.860s] Level 1:colcon.colcon_core.environment:checking '/home/lawrencehcj/calculator/src/install/receiver/bin'
[1.863s] INFO:colcon.colcon_core.shell:Creating package script '/home/lawrencehcj/calculator/src/install/receiver/share/receiver/package.ps1'
[1.866s] INFO:colcon.colcon_core.shell:Creating package descriptor '/home/lawrencehcj/calculator/src/install/receiver/share/receiver/package.dsv'
[1.868s] INFO:colcon.colcon_core.shell:Creating package script '/home/lawrencehcj/calculator/src/install/receiver/share/receiver/package.sh'
[1.873s] INFO:colcon.colcon_core.shell:Creating package script '/home/lawrencehcj/calculator/src/install/receiver/share/receiver/package.bash'
[1.877s] INFO:colcon.colcon_core.shell:Creating package script '/home/lawrencehcj/calculator/src/install/receiver/share/receiver/package.zsh'
[1.879s] Level 1:colcon.colcon_core.environment:create_file_with_runtime_dependencies(/home/lawrencehcj/calculator/src/install/receiver/share/colcon-core/packages/receiver)
[1.883s] Level 1:colcon.colcon_core.environment:create_environment_scripts_only(receiver)
[1.884s] Level 1:colcon.colcon_core.environment:checking '/home/lawrencehcj/calculator/src/install/receiver' for CMake module files
[1.887s] Level 1:colcon.colcon_core.environment:checking '/home/lawrencehcj/calculator/src/install/receiver' for CMake config files
[1.888s] Level 1:colcon.colcon_core.shell:create_environment_hook('receiver', 'cmake_prefix_path')
[1.889s] INFO:colcon.colcon_core.shell:Creating environment hook '/home/lawrencehcj/calculator/src/install/receiver/share/receiver/hook/cmake_prefix_path.ps1'
[1.890s] INFO:colcon.colcon_core.shell:Creating environment descriptor '/home/lawrencehcj/calculator/src/install/receiver/share/receiver/hook/cmake_prefix_path.dsv'
[1.892s] INFO:colcon.colcon_core.shell:Creating environment hook '/home/lawrencehcj/calculator/src/install/receiver/share/receiver/hook/cmake_prefix_path.sh'
[1.893s] Level 1:colcon.colcon_core.environment:checking '/home/lawrencehcj/calculator/src/install/receiver/lib'
[1.893s] Level 1:colcon.colcon_core.environment:checking '/home/lawrencehcj/calculator/src/install/receiver/bin'
[1.894s] Level 1:colcon.colcon_core.environment:checking '/home/lawrencehcj/calculator/src/install/receiver/lib/pkgconfig/receiver.pc'
[1.894s] Level 1:colcon.colcon_core.environment:checking '/home/lawrencehcj/calculator/src/install/receiver/lib/python3.10/site-packages'
[1.897s] Level 1:colcon.colcon_core.environment:checking '/home/lawrencehcj/calculator/src/install/receiver/bin'
[1.898s] INFO:colcon.colcon_core.shell:Creating package script '/home/lawrencehcj/calculator/src/install/receiver/share/receiver/package.ps1'
[1.903s] INFO:colcon.colcon_core.shell:Creating package descriptor '/home/lawrencehcj/calculator/src/install/receiver/share/receiver/package.dsv'
[1.907s] INFO:colcon.colcon_core.shell:Creating package script '/home/lawrencehcj/calculator/src/install/receiver/share/receiver/package.sh'
[1.910s] INFO:colcon.colcon_core.shell:Creating package script '/home/lawrencehcj/calculator/src/install/receiver/share/receiver/package.bash'
[1.914s] INFO:colcon.colcon_core.shell:Creating package script '/home/lawrencehcj/calculator/src/install/receiver/share/receiver/package.zsh'
[1.915s] Level 1:colcon.colcon_core.environment:create_file_with_runtime_dependencies(/home/lawrencehcj/calculator/src/install/receiver/share/colcon-core/packages/receiver)
[1.920s] Level 1:colcon.colcon_core.environment:create_environment_scripts_only(publisher)
[1.922s] Level 1:colcon.colcon_core.environment:checking '/home/lawrencehcj/calculator/src/install/publisher' for CMake module files
[1.922s] DEBUG:colcon.colcon_core.event_handler.log_command:Invoked command in '/home/lawrencehcj/calculator/src/build/publisher' returned '0': CMAKE_PREFIX_PATH=${CMAKE_PREFIX_PATH}:/opt/ros/humble /usr/bin/cmake --install /home/lawrencehcj/calculator/src/build/publisher
[1.924s] Level 1:colcon.colcon_core.environment:checking '/home/lawrencehcj/calculator/src/install/publisher' for CMake config files
[1.924s] Level 1:colcon.colcon_core.shell:create_environment_hook('publisher', 'cmake_prefix_path')
[1.925s] INFO:colcon.colcon_core.shell:Creating environment hook '/home/lawrencehcj/calculator/src/install/publisher/share/publisher/hook/cmake_prefix_path.ps1'
[1.925s] INFO:colcon.colcon_core.shell:Creating environment descriptor '/home/lawrencehcj/calculator/src/install/publisher/share/publisher/hook/cmake_prefix_path.dsv'
[1.926s] INFO:colcon.colcon_core.shell:Creating environment hook '/home/lawrencehcj/calculator/src/install/publisher/share/publisher/hook/cmake_prefix_path.sh'
[1.928s] Level 1:colcon.colcon_core.environment:checking '/home/lawrencehcj/calculator/src/install/publisher/lib'
[1.928s] Level 1:colcon.colcon_core.environment:checking '/home/lawrencehcj/calculator/src/install/publisher/bin'
[1.929s] Level 1:colcon.colcon_core.environment:checking '/home/lawrencehcj/calculator/src/install/publisher/lib/pkgconfig/publisher.pc'
[1.929s] Level 1:colcon.colcon_core.environment:checking '/home/lawrencehcj/calculator/src/install/publisher/lib/python3.10/site-packages'
[1.935s] Level 1:colcon.colcon_core.environment:checking '/home/lawrencehcj/calculator/src/install/publisher/bin'
[1.935s] INFO:colcon.colcon_core.shell:Creating package script '/home/lawrencehcj/calculator/src/install/publisher/share/publisher/package.ps1'
[1.937s] INFO:colcon.colcon_core.shell:Creating package descriptor '/home/lawrencehcj/calculator/src/install/publisher/share/publisher/package.dsv'
[1.941s] INFO:colcon.colcon_core.shell:Creating package script '/home/lawrencehcj/calculator/src/install/publisher/share/publisher/package.sh'
[1.942s] INFO:colcon.colcon_core.shell:Creating package script '/home/lawrencehcj/calculator/src/install/publisher/share/publisher/package.bash'
[1.944s] INFO:colcon.colcon_core.shell:Creating package script '/home/lawrencehcj/calculator/src/install/publisher/share/publisher/package.zsh'
[1.947s] Level 1:colcon.colcon_core.environment:create_file_with_runtime_dependencies(/home/lawrencehcj/calculator/src/install/publisher/share/colcon-core/packages/publisher)
[1.949s] Level 1:colcon.colcon_core.environment:create_environment_scripts_only(publisher)
[1.949s] Level 1:colcon.colcon_core.environment:checking '/home/lawrencehcj/calculator/src/install/publisher' for CMake module files
[1.951s] Level 1:colcon.colcon_core.environment:checking '/home/lawrencehcj/calculator/src/install/publisher' for CMake config files
[1.951s] Level 1:colcon.colcon_core.shell:create_environment_hook('publisher', 'cmake_prefix_path')
[1.952s] INFO:colcon.colcon_core.shell:Creating environment hook '/home/lawrencehcj/calculator/src/install/publisher/share/publisher/hook/cmake_prefix_path.ps1'
[1.953s] INFO:colcon.colcon_core.shell:Creating environment descriptor '/home/lawrencehcj/calculator/src/install/publisher/share/publisher/hook/cmake_prefix_path.dsv'
[1.954s] INFO:colcon.colcon_core.shell:Creating environment hook '/home/lawrencehcj/calculator/src/install/publisher/share/publisher/hook/cmake_prefix_path.sh'
[1.956s] Level 1:colcon.colcon_core.environment:checking '/home/lawrencehcj/calculator/src/install/publisher/lib'
[1.956s] Level 1:colcon.colcon_core.environment:checking '/home/lawrencehcj/calculator/src/install/publisher/bin'
[1.956s] Level 1:colcon.colcon_core.environment:checking '/home/lawrencehcj/calculator/src/install/publisher/lib/pkgconfig/publisher.pc'
[1.957s] Level 1:colcon.colcon_core.environment:checking '/home/lawrencehcj/calculator/src/install/publisher/lib/python3.10/site-packages'
[1.957s] Level 1:colcon.colcon_core.environment:checking '/home/lawrencehcj/calculator/src/install/publisher/bin'
[1.958s] INFO:colcon.colcon_core.shell:Creating package script '/home/lawrencehcj/calculator/src/install/publisher/share/publisher/package.ps1'
[1.959s] INFO:colcon.colcon_core.shell:Creating package descriptor '/home/lawrencehcj/calculator/src/install/publisher/share/publisher/package.dsv'
[1.962s] INFO:colcon.colcon_core.shell:Creating package script '/home/lawrencehcj/calculator/src/install/publisher/share/publisher/package.sh'
[1.963s] INFO:colcon.colcon_core.shell:Creating package script '/home/lawrencehcj/calculator/src/install/publisher/share/publisher/package.bash'
[1.964s] INFO:colcon.colcon_core.shell:Creating package script '/home/lawrencehcj/calculator/src/install/publisher/share/publisher/package.zsh'
[1.966s] Level 1:colcon.colcon_core.environment:create_file_with_runtime_dependencies(/home/lawrencehcj/calculator/src/install/publisher/share/colcon-core/packages/publisher)
[1.968s] DEBUG:colcon.colcon_parallel_executor.executor.parallel:closing loop
[1.970s] DEBUG:colcon.colcon_parallel_executor.executor.parallel:loop closed
[1.970s] DEBUG:colcon.colcon_parallel_executor.executor.parallel:run_until_complete finished with '0'
[1.970s] DEBUG:colcon.colcon_core.event_reactor:joining thread
[1.993s] INFO:colcon.colcon_core.plugin_system:Skipping extension 'colcon_notification.desktop_notification.terminal_notifier': Not used on non-Darwin systems
[1.994s] INFO:colcon.colcon_core.plugin_system:Skipping extension 'colcon_notification.desktop_notification.win32': Not used on non-Windows systems
[1.994s] INFO:colcon.colcon_notification.desktop_notification:Sending desktop notification using 'notify2'
[2.061s] DEBUG:colcon.colcon_core.event_reactor:joined thread
[2.063s] INFO:colcon.colcon_core.shell:Creating prefix script '/home/lawrencehcj/calculator/src/install/local_setup.ps1'
[2.069s] INFO:colcon.colcon_core.shell:Creating prefix util module '/home/lawrencehcj/calculator/src/install/_local_setup_util_ps1.py'
[2.077s] INFO:colcon.colcon_core.shell:Creating prefix chain script '/home/lawrencehcj/calculator/src/install/setup.ps1'
[2.082s] INFO:colcon.colcon_core.shell:Creating prefix script '/home/lawrencehcj/calculator/src/install/local_setup.sh'
[2.084s] INFO:colcon.colcon_core.shell:Creating prefix util module '/home/lawrencehcj/calculator/src/install/_local_setup_util_sh.py'
[2.089s] INFO:colcon.colcon_core.shell:Creating prefix chain script '/home/lawrencehcj/calculator/src/install/setup.sh'
[2.094s] INFO:colcon.colcon_core.shell:Creating prefix script '/home/lawrencehcj/calculator/src/install/local_setup.bash'
[2.099s] INFO:colcon.colcon_core.shell:Creating prefix chain script '/home/lawrencehcj/calculator/src/install/setup.bash'
[2.105s] INFO:colcon.colcon_core.shell:Creating prefix script '/home/lawrencehcj/calculator/src/install/local_setup.zsh'
[2.107s] INFO:colcon.colcon_core.shell:Creating prefix chain script '/home/lawrencehcj/calculator/src/install/setup.zsh'
