[0.100s] Invoking command in '/home/lawrencehcj/calculator/src/build/publisher': CMAKE_PREFIX_PATH=${CMAKE_PREFIX_PATH}:/opt/ros/humble /usr/bin/cmake --build /home/lawrencehcj/calculator/src/build/publisher -- -j2 -l2
[0.677s] [100%] Built target publisher_node
[0.775s] Invoked command in '/home/lawrencehcj/calculator/src/build/publisher' returned '0': CMAKE_PREFIX_PATH=${CMAKE_PREFIX_PATH}:/opt/ros/humble /usr/bin/cmake --build /home/lawrencehcj/calculator/src/build/publisher -- -j2 -l2
[0.869s] Invoking command in '/home/lawrencehcj/calculator/src/build/publisher': CMAKE_PREFIX_PATH=${CMAKE_PREFIX_PATH}:/opt/ros/humble /usr/bin/cmake --install /home/lawrencehcj/calculator/src/build/publisher
[0.951s] -- Install configuration: ""
[0.951s] -- Up-to-date: /home/lawrencehcj/calculator/src/install/publisher/lib/publisher/publisher_node
[0.954s] -- Up-to-date: /home/lawrencehcj/calculator/src/install/publisher/share/ament_index/resource_index/package_run_dependencies/publisher
[0.957s] -- Up-to-date: /home/lawrencehcj/calculator/src/install/publisher/share/ament_index/resource_index/parent_prefix_path/publisher
[0.957s] -- Up-to-date: /home/lawrencehcj/calculator/src/install/publisher/share/publisher/environment/ament_prefix_path.sh
[0.957s] -- Up-to-date: /home/lawrencehcj/calculator/src/install/publisher/share/publisher/environment/ament_prefix_path.dsv
[0.957s] -- Up-to-date: /home/lawrencehcj/calculator/src/install/publisher/share/publisher/environment/path.sh
[0.961s] -- Up-to-date: /home/lawrencehcj/calculator/src/install/publisher/share/publisher/environment/path.dsv
[0.961s] -- Up-to-date: /home/lawrencehcj/calculator/src/install/publisher/share/publisher/local_setup.bash
[0.961s] -- Up-to-date: /home/lawrencehcj/calculator/src/install/publisher/share/publisher/local_setup.sh
[0.961s] -- Up-to-date: /home/lawrencehcj/calculator/src/install/publisher/share/publisher/local_setup.zsh
[0.961s] -- Up-to-date: /home/lawrencehcj/calculator/src/install/publisher/share/publisher/local_setup.dsv
[0.961s] -- Installing: /home/lawrencehcj/calculator/src/install/publisher/share/publisher/package.dsv
[0.965s] -- Up-to-date: /home/lawrencehcj/calculator/src/install/publisher/share/ament_index/resource_index/packages/publisher
[0.965s] -- Up-to-date: /home/lawrencehcj/calculator/src/install/publisher/share/publisher/cmake/publisherConfig.cmake
[0.965s] -- Up-to-date: /home/lawrencehcj/calculator/src/install/publisher/share/publisher/cmake/publisherConfig-version.cmake
[0.965s] -- Up-to-date: /home/lawrencehcj/calculator/src/install/publisher/share/publisher/package.xml
[0.978s] Invoked command in '/home/lawrencehcj/calculator/src/build/publisher' returned '0': CMAKE_PREFIX_PATH=${CMAKE_PREFIX_PATH}:/opt/ros/humble /usr/bin/cmake --install /home/lawrencehcj/calculator/src/build/publisher
