[0.091s] Invoking command in '/home/lawrencehcj/calculator/src/build/receiver': CMAKE_PREFIX_PATH=${CMAKE_PREFIX_PATH}:/opt/ros/humble /usr/bin/cmake --build /home/lawrencehcj/calculator/src/build/receiver -- -j2 -l2
[0.542s] [35m[1mConsolidate compiler generated dependencies of target receiver_node[0m
[0.677s] [100%] Built target receiver_node
[0.768s] Invoked command in '/home/lawrencehcj/calculator/src/build/receiver' returned '0': CMAKE_PREFIX_PATH=${CMAKE_PREFIX_PATH}:/opt/ros/humble /usr/bin/cmake --build /home/lawrencehcj/calculator/src/build/receiver -- -j2 -l2
[0.770s] Invoking command in '/home/lawrencehcj/calculator/src/build/receiver': CMAKE_PREFIX_PATH=${CMAKE_PREFIX_PATH}:/opt/ros/humble /usr/bin/cmake --install /home/lawrencehcj/calculator/src/build/receiver
[0.874s] -- Install configuration: ""
[0.874s] -- Up-to-date: /home/lawrencehcj/calculator/src/install/receiver/lib/receiver/receiver_node
[0.878s] -- Up-to-date: /home/lawrencehcj/calculator/src/install/receiver/share/ament_index/resource_index/package_run_dependencies/receiver
[0.878s] -- Up-to-date: /home/lawrencehcj/calculator/src/install/receiver/share/ament_index/resource_index/parent_prefix_path/receiver
[0.878s] -- Up-to-date: /home/lawrencehcj/calculator/src/install/receiver/share/receiver/environment/ament_prefix_path.sh
[0.878s] -- Up-to-date: /home/lawrencehcj/calculator/src/install/receiver/share/receiver/environment/ament_prefix_path.dsv
[0.878s] -- Up-to-date: /home/lawrencehcj/calculator/src/install/receiver/share/receiver/environment/path.sh
[0.878s] -- Up-to-date: /home/lawrencehcj/calculator/src/install/receiver/share/receiver/environment/path.dsv
[0.878s] -- Up-to-date: /home/lawrencehcj/calculator/src/install/receiver/share/receiver/local_setup.bash
[0.879s] -- Up-to-date: /home/lawrencehcj/calculator/src/install/receiver/share/receiver/local_setup.sh
[0.879s] -- Up-to-date: /home/lawrencehcj/calculator/src/install/receiver/share/receiver/local_setup.zsh
[0.881s] -- Up-to-date: /home/lawrencehcj/calculator/src/install/receiver/share/receiver/local_setup.dsv
[0.881s] -- Installing: /home/lawrencehcj/calculator/src/install/receiver/share/receiver/package.dsv
[0.882s] -- Up-to-date: /home/lawrencehcj/calculator/src/install/receiver/share/ament_index/resource_index/packages/receiver
[0.883s] -- Up-to-date: /home/lawrencehcj/calculator/src/install/receiver/share/receiver/cmake/receiverConfig.cmake
[0.887s] -- Up-to-date: /home/lawrencehcj/calculator/src/install/receiver/share/receiver/cmake/receiverConfig-version.cmake
[0.887s] -- Up-to-date: /home/lawrencehcj/calculator/src/install/receiver/share/receiver/package.xml
[0.949s] Invoked command in '/home/lawrencehcj/calculator/src/build/receiver' returned '0': CMAKE_PREFIX_PATH=${CMAKE_PREFIX_PATH}:/opt/ros/humble /usr/bin/cmake --install /home/lawrencehcj/calculator/src/build/receiver
