[4.194s] DEBUG:colcon:Command line arguments: ['/usr/bin/colcon', 'list', '-p', '--base-paths', '/home/lawrencehcj/calculator']
[4.194s] DEBUG:colcon:Parsed command line arguments: Namespace(log_base=None, log_level=None, verb_name='list', build_base='build', ignore_user_meta=False, metas=['./colcon.meta'], base_paths=['/home/lawrencehcj/calculator'], packages_ignore=None, packages_ignore_regex=None, paths=None, packages_up_to=None, packages_up_to_regex=None, packages_above=None, packages_above_and_dependencies=None, packages_above_depth=None, packages_select_by_dep=None, packages_skip_by_dep=None, packages_skip_up_to=None, packages_select_build_failed=False, packages_skip_build_finished=False, packages_select_test_failures=False, packages_skip_test_passed=False, packages_select=None, packages_skip=None, packages_select_regex=None, packages_skip_regex=None, packages_start=None, packages_end=None, allow_overriding=[], topological_order=False, names_only=False, paths_only=True, topological_graph=False, topological_graph_dot=False, topological_graph_density=False, topological_graph_legend=False, topological_graph_dot_cluster=False, topological_graph_dot_include_skipped=False, verb_parser=<colcon_defaults.argument_parser.defaults.DefaultArgumentsDecorator object at 0x7fc017249600>, verb_extension=<colcon_package_information.verb.list.ListVerb object at 0x7fc0173bdcc0>, main=<bound method ListVerb.main of <colcon_package_information.verb.list.ListVerb object at 0x7fc0173bdcc0>>)
[11.416s] Level 1:colcon.colcon_core.package_discovery:discover_packages(colcon_meta) check parameters
[11.417s] Level 1:colcon.colcon_core.package_discovery:discover_packages(recursive) check parameters
[11.417s] Level 1:colcon.colcon_core.package_discovery:discover_packages(ignore) check parameters
[11.434s] Level 1:colcon.colcon_core.package_discovery:discover_packages(path) check parameters
[11.434s] Level 1:colcon.colcon_core.package_discovery:discover_packages(recursive) discover
[11.435s] INFO:colcon.colcon_core.package_discovery:Crawling recursively for packages in '/home/lawrencehcj/calculator'
[11.435s] Level 1:colcon.colcon_core.package_identification:_identify(/home/lawrencehcj/calculator) by extensions ['ignore', 'ignore_ament_install']
[11.435s] Level 1:colcon.colcon_core.package_identification:_identify(/home/lawrencehcj/calculator) by extension 'ignore'
[11.436s] Level 1:colcon.colcon_core.package_identification:_identify(/home/lawrencehcj/calculator) by extension 'ignore_ament_install'
[11.436s] Level 1:colcon.colcon_core.package_identification:_identify(/home/lawrencehcj/calculator) by extensions ['colcon_pkg']
[11.436s] Level 1:colcon.colcon_core.package_identification:_identify(/home/lawrencehcj/calculator) by extension 'colcon_pkg'
[11.457s] Level 1:colcon.colcon_core.package_identification:_identify(/home/lawrencehcj/calculator) by extensions ['colcon_meta']
[11.457s] Level 1:colcon.colcon_core.package_identification:_identify(/home/lawrencehcj/calculator) by extension 'colcon_meta'
[11.458s] Level 1:colcon.colcon_core.package_identification:_identify(/home/lawrencehcj/calculator) by extensions ['ros']
[11.458s] Level 1:colcon.colcon_core.package_identification:_identify(/home/lawrencehcj/calculator) by extension 'ros'
[12.163s] Level 1:colcon.colcon_core.package_identification:_identify(/home/lawrencehcj/calculator) by extensions ['cmake', 'python']
[12.163s] Level 1:colcon.colcon_core.package_identification:_identify(/home/lawrencehcj/calculator) by extension 'cmake'
[12.163s] Level 1:colcon.colcon_core.package_identification:_identify(/home/lawrencehcj/calculator) by extension 'python'
[12.163s] Level 1:colcon.colcon_core.package_identification:_identify(/home/lawrencehcj/calculator) by extensions ['python_setup_py']
[12.163s] Level 1:colcon.colcon_core.package_identification:_identify(/home/lawrencehcj/calculator) by extension 'python_setup_py'
[12.164s] Level 1:colcon.colcon_core.package_identification:_identify(/home/lawrencehcj/calculator/build) by extensions ['ignore', 'ignore_ament_install']
[12.164s] Level 1:colcon.colcon_core.package_identification:_identify(/home/lawrencehcj/calculator/build) by extension 'ignore'
[12.164s] Level 1:colcon.colcon_core.package_identification:_identify(/home/lawrencehcj/calculator/build) ignored
[12.185s] Level 1:colcon.colcon_core.package_identification:_identify(/home/lawrencehcj/calculator/install) by extensions ['ignore', 'ignore_ament_install']
[12.185s] Level 1:colcon.colcon_core.package_identification:_identify(/home/lawrencehcj/calculator/install) by extension 'ignore'
[12.185s] Level 1:colcon.colcon_core.package_identification:_identify(/home/lawrencehcj/calculator/install) ignored
[12.215s] Level 1:colcon.colcon_core.package_identification:_identify(/home/lawrencehcj/calculator/log) by extensions ['ignore', 'ignore_ament_install']
[12.234s] Level 1:colcon.colcon_core.package_identification:_identify(/home/lawrencehcj/calculator/log) by extension 'ignore'
[12.235s] Level 1:colcon.colcon_core.package_identification:_identify(/home/lawrencehcj/calculator/log) ignored
[12.235s] Level 1:colcon.colcon_core.package_identification:_identify(/home/lawrencehcj/calculator/src) by extensions ['ignore', 'ignore_ament_install']
[12.235s] Level 1:colcon.colcon_core.package_identification:_identify(/home/lawrencehcj/calculator/src) by extension 'ignore'
[12.236s] Level 1:colcon.colcon_core.package_identification:_identify(/home/lawrencehcj/calculator/src) by extension 'ignore_ament_install'
[12.236s] Level 1:colcon.colcon_core.package_identification:_identify(/home/lawrencehcj/calculator/src) by extensions ['colcon_pkg']
[12.236s] Level 1:colcon.colcon_core.package_identification:_identify(/home/lawrencehcj/calculator/src) by extension 'colcon_pkg'
[12.236s] Level 1:colcon.colcon_core.package_identification:_identify(/home/lawrencehcj/calculator/src) by extensions ['colcon_meta']
[12.236s] Level 1:colcon.colcon_core.package_identification:_identify(/home/lawrencehcj/calculator/src) by extension 'colcon_meta'
[12.254s] Level 1:colcon.colcon_core.package_identification:_identify(/home/lawrencehcj/calculator/src) by extensions ['ros']
[12.254s] Level 1:colcon.colcon_core.package_identification:_identify(/home/lawrencehcj/calculator/src) by extension 'ros'
[12.254s] Level 1:colcon.colcon_core.package_identification:_identify(/home/lawrencehcj/calculator/src) by extensions ['cmake', 'python']
[12.254s] Level 1:colcon.colcon_core.package_identification:_identify(/home/lawrencehcj/calculator/src) by extension 'cmake'
[12.254s] Level 1:colcon.colcon_core.package_identification:_identify(/home/lawrencehcj/calculator/src) by extension 'python'
[12.254s] Level 1:colcon.colcon_core.package_identification:_identify(/home/lawrencehcj/calculator/src) by extensions ['python_setup_py']
[12.254s] Level 1:colcon.colcon_core.package_identification:_identify(/home/lawrencehcj/calculator/src) by extension 'python_setup_py'
[12.255s] Level 1:colcon.colcon_core.package_identification:_identify(/home/lawrencehcj/calculator/src/build) by extensions ['ignore', 'ignore_ament_install']
[12.255s] Level 1:colcon.colcon_core.package_identification:_identify(/home/lawrencehcj/calculator/src/build) by extension 'ignore'
[12.255s] Level 1:colcon.colcon_core.package_identification:_identify(/home/lawrencehcj/calculator/src/build) ignored
[12.265s] Level 1:colcon.colcon_core.package_identification:_identify(/home/lawrencehcj/calculator/src/install) by extensions ['ignore', 'ignore_ament_install']
[12.265s] Level 1:colcon.colcon_core.package_identification:_identify(/home/lawrencehcj/calculator/src/install) by extension 'ignore'
[12.265s] Level 1:colcon.colcon_core.package_identification:_identify(/home/lawrencehcj/calculator/src/install) ignored
[12.267s] Level 1:colcon.colcon_core.package_identification:_identify(/home/lawrencehcj/calculator/src/log) by extensions ['ignore', 'ignore_ament_install']
[12.267s] Level 1:colcon.colcon_core.package_identification:_identify(/home/lawrencehcj/calculator/src/log) by extension 'ignore'
[12.267s] Level 1:colcon.colcon_core.package_identification:_identify(/home/lawrencehcj/calculator/src/log) ignored
[12.281s] Level 1:colcon.colcon_core.package_identification:_identify(/home/lawrencehcj/calculator/src/publisher) by extensions ['ignore', 'ignore_ament_install']
[12.282s] Level 1:colcon.colcon_core.package_identification:_identify(/home/lawrencehcj/calculator/src/publisher) by extension 'ignore'
[12.282s] Level 1:colcon.colcon_core.package_identification:_identify(/home/lawrencehcj/calculator/src/publisher) by extension 'ignore_ament_install'
[12.298s] Level 1:colcon.colcon_core.package_identification:_identify(/home/lawrencehcj/calculator/src/publisher) by extensions ['colcon_pkg']
[12.298s] Level 1:colcon.colcon_core.package_identification:_identify(/home/lawrencehcj/calculator/src/publisher) by extension 'colcon_pkg'
[12.298s] Level 1:colcon.colcon_core.package_identification:_identify(/home/lawrencehcj/calculator/src/publisher) by extensions ['colcon_meta']
[12.301s] Level 1:colcon.colcon_core.package_identification:_identify(/home/lawrencehcj/calculator/src/publisher) by extension 'colcon_meta'
[12.301s] Level 1:colcon.colcon_core.package_identification:_identify(/home/lawrencehcj/calculator/src/publisher) by extensions ['ros']
[12.302s] Level 1:colcon.colcon_core.package_identification:_identify(/home/lawrencehcj/calculator/src/publisher) by extension 'ros'
[12.393s] DEBUG:colcon.colcon_core.package_identification:Package '/home/lawrencehcj/calculator/src/publisher' with type 'ros.ament_cmake' and name 'publisher'
[12.405s] Level 1:colcon.colcon_core.package_identification:_identify(/home/lawrencehcj/calculator/src/receiver) by extensions ['ignore', 'ignore_ament_install']
[12.406s] Level 1:colcon.colcon_core.package_identification:_identify(/home/lawrencehcj/calculator/src/receiver) by extension 'ignore'
[12.414s] Level 1:colcon.colcon_core.package_identification:_identify(/home/lawrencehcj/calculator/src/receiver) by extension 'ignore_ament_install'
[12.414s] Level 1:colcon.colcon_core.package_identification:_identify(/home/lawrencehcj/calculator/src/receiver) by extensions ['colcon_pkg']
[12.414s] Level 1:colcon.colcon_core.package_identification:_identify(/home/lawrencehcj/calculator/src/receiver) by extension 'colcon_pkg'
[12.414s] Level 1:colcon.colcon_core.package_identification:_identify(/home/lawrencehcj/calculator/src/receiver) by extensions ['colcon_meta']
[12.424s] Level 1:colcon.colcon_core.package_identification:_identify(/home/lawrencehcj/calculator/src/receiver) by extension 'colcon_meta'
[12.425s] Level 1:colcon.colcon_core.package_identification:_identify(/home/lawrencehcj/calculator/src/receiver) by extensions ['ros']
[12.425s] Level 1:colcon.colcon_core.package_identification:_identify(/home/lawrencehcj/calculator/src/receiver) by extension 'ros'
[12.439s] DEBUG:colcon.colcon_core.package_identification:Package '/home/lawrencehcj/calculator/src/receiver' with type 'ros.ament_cmake' and name 'receiver'
[12.440s] Level 1:colcon.colcon_core.package_discovery:discover_packages(recursive) using defaults
