[0.230s] DEBUG:colcon:Command line arguments: ['/usr/bin/colcon', 'build']
[0.232s] DEBUG:colcon:Parsed command line arguments: Namespace(log_base=None, log_level=None, verb_name='build', build_base='build', install_base='install', merge_install=False, symlink_install=False, test_result_base=None, continue_on_error=False, executor='parallel', parallel_workers=2, event_handlers=None, ignore_user_meta=False, metas=['./colcon.meta'], base_paths=['.'], packages_ignore=None, packages_ignore_regex=None, paths=None, packages_up_to=None, packages_up_to_regex=None, packages_above=None, packages_above_and_dependencies=None, packages_above_depth=None, packages_select_by_dep=None, packages_skip_by_dep=None, packages_skip_up_to=None, packages_select_build_failed=False, packages_skip_build_finished=False, packages_select_test_failures=False, packages_skip_test_passed=False, packages_select=None, packages_skip=None, packages_select_regex=None, packages_skip_regex=None, packages_start=None, packages_end=None, allow_overriding=[], cmake_args=None, cmake_target=None, cmake_target_skip_unavailable=False, cmake_clean_cache=False, cmake_clean_first=False, cmake_force_configure=False, ament_cmake_args=None, catkin_cmake_args=None, catkin_skip_building_tests=False, verb_parser=<colcon_defaults.argument_parser.defaults.DefaultArgumentsDecorator object at 0x784790db8940>, verb_extension=<colcon_core.verb.build.BuildVerb object at 0x784790f4dc00>, main=<bound method BuildVerb.main of <colcon_core.verb.build.BuildVerb object at 0x784790f4dc00>>)
[0.654s] Level 1:colcon.colcon_core.package_discovery:discover_packages(colcon_meta) check parameters
[0.654s] Level 1:colcon.colcon_core.package_discovery:discover_packages(recursive) check parameters
[0.654s] Level 1:colcon.colcon_core.package_discovery:discover_packages(ignore) check parameters
[0.654s] Level 1:colcon.colcon_core.package_discovery:discover_packages(path) check parameters
[0.654s] Level 1:colcon.colcon_core.package_discovery:discover_packages(colcon_meta) discover
[0.654s] Level 1:colcon.colcon_core.package_discovery:discover_packages(recursive) discover
[0.654s] INFO:colcon.colcon_core.package_discovery:Crawling recursively for packages in '/home/lawrencehcj/calculator/src/receiver'
[0.655s] Level 1:colcon.colcon_core.package_identification:_identify(.) by extensions ['ignore', 'ignore_ament_install']
[0.655s] Level 1:colcon.colcon_core.package_identification:_identify(.) by extension 'ignore'
[0.655s] Level 1:colcon.colcon_core.package_identification:_identify(.) by extension 'ignore_ament_install'
[0.655s] Level 1:colcon.colcon_core.package_identification:_identify(.) by extensions ['colcon_pkg']
[0.655s] Level 1:colcon.colcon_core.package_identification:_identify(.) by extension 'colcon_pkg'
[0.655s] Level 1:colcon.colcon_core.package_identification:_identify(.) by extensions ['colcon_meta']
[0.655s] Level 1:colcon.colcon_core.package_identification:_identify(.) by extension 'colcon_meta'
[0.655s] Level 1:colcon.colcon_core.package_identification:_identify(.) by extensions ['ros']
[0.655s] Level 1:colcon.colcon_core.package_identification:_identify(.) by extension 'ros'
[0.689s] DEBUG:colcon.colcon_core.package_identification:Package '.' with type 'ros.ament_cmake' and name 'receiver'
[0.689s] Level 1:colcon.colcon_core.package_discovery:discover_packages(recursive) using defaults
[0.689s] Level 1:colcon.colcon_core.package_discovery:discover_packages(ignore) discover
[0.689s] Level 1:colcon.colcon_core.package_discovery:discover_packages(ignore) using defaults
[0.689s] Level 1:colcon.colcon_core.package_discovery:discover_packages(path) discover
[0.689s] Level 1:colcon.colcon_core.package_discovery:discover_packages(path) using defaults
[0.746s] Level 1:colcon.colcon_core.package_discovery:discover_packages(prefix_path) check parameters
[0.746s] Level 1:colcon.colcon_core.package_discovery:discover_packages(prefix_path) discover
[0.750s] DEBUG:colcon.colcon_installed_package_information.package_discovery:Found 1 installed packages in /home/lawrencehcj/ros2_ws/install
[0.752s] DEBUG:colcon.colcon_installed_package_information.package_discovery:Found 306 installed packages in /opt/ros/humble
[0.793s] Level 1:colcon.colcon_core.package_discovery:discover_packages(prefix_path) using defaults
[0.975s] Level 5:colcon.colcon_core.verb:set package 'receiver' build argument 'cmake_args' from command line to 'None'
[0.975s] Level 5:colcon.colcon_core.verb:set package 'receiver' build argument 'cmake_target' from command line to 'None'
[0.976s] Level 5:colcon.colcon_core.verb:set package 'receiver' build argument 'cmake_target_skip_unavailable' from command line to 'False'
[0.976s] Level 5:colcon.colcon_core.verb:set package 'receiver' build argument 'cmake_clean_cache' from command line to 'False'
[0.976s] Level 5:colcon.colcon_core.verb:set package 'receiver' build argument 'cmake_clean_first' from command line to 'False'
[0.978s] Level 5:colcon.colcon_core.verb:set package 'receiver' build argument 'cmake_force_configure' from command line to 'False'
[0.979s] Level 5:colcon.colcon_core.verb:set package 'receiver' build argument 'ament_cmake_args' from command line to 'None'
[0.979s] Level 5:colcon.colcon_core.verb:set package 'receiver' build argument 'catkin_cmake_args' from command line to 'None'
[0.979s] Level 5:colcon.colcon_core.verb:set package 'receiver' build argument 'catkin_skip_building_tests' from command line to 'False'
[0.979s] DEBUG:colcon.colcon_core.verb:Building package 'receiver' with the following arguments: {'ament_cmake_args': None, 'build_base': '/home/lawrencehcj/calculator/src/receiver/build/receiver', 'catkin_cmake_args': None, 'catkin_skip_building_tests': False, 'cmake_args': None, 'cmake_clean_cache': False, 'cmake_clean_first': False, 'cmake_force_configure': False, 'cmake_target': None, 'cmake_target_skip_unavailable': False, 'install_base': '/home/lawrencehcj/calculator/src/receiver/install/receiver', 'merge_install': False, 'path': '/home/lawrencehcj/calculator/src/receiver', 'symlink_install': False, 'test_result_base': None}
[0.980s] INFO:colcon.colcon_core.executor:Executing jobs using 'parallel' executor
[0.983s] DEBUG:colcon.colcon_parallel_executor.executor.parallel:run_until_complete
[0.985s] INFO:colcon.colcon_ros.task.ament_cmake.build:Building ROS package in '/home/lawrencehcj/calculator/src/receiver' with build type 'ament_cmake'
[0.985s] INFO:colcon.colcon_cmake.task.cmake.build:Building CMake package in '/home/lawrencehcj/calculator/src/receiver'
[0.990s] INFO:colcon.colcon_core.plugin_system:Skipping extension 'colcon_core.shell.bat': Not used on non-Windows systems
[0.991s] INFO:colcon.colcon_core.shell:Skip shell extension 'powershell' for command environment: Not usable outside of PowerShell
[0.991s] DEBUG:colcon.colcon_core.shell:Skip shell extension 'dsv' for command environment
[1.033s] DEBUG:colcon.colcon_core.event_handler.log_command:Invoking command in '/home/lawrencehcj/calculator/src/receiver/build/receiver': CMAKE_PREFIX_PATH=${CMAKE_PREFIX_PATH}:/opt/ros/humble /usr/bin/cmake /home/lawrencehcj/calculator/src/receiver -DCMAKE_INSTALL_PREFIX=/home/lawrencehcj/calculator/src/receiver/install/receiver
[4.741s] DEBUG:colcon.colcon_core.event_handler.log_command:Invoked command in '/home/lawrencehcj/calculator/src/receiver/build/receiver' returned '0': CMAKE_PREFIX_PATH=${CMAKE_PREFIX_PATH}:/opt/ros/humble /usr/bin/cmake /home/lawrencehcj/calculator/src/receiver -DCMAKE_INSTALL_PREFIX=/home/lawrencehcj/calculator/src/receiver/install/receiver
[4.746s] DEBUG:colcon.colcon_core.event_handler.log_command:Invoking command in '/home/lawrencehcj/calculator/src/receiver/build/receiver': CMAKE_PREFIX_PATH=${CMAKE_PREFIX_PATH}:/opt/ros/humble /usr/bin/cmake --build /home/lawrencehcj/calculator/src/receiver/build/receiver -- -j2 -l2
[40.542s] DEBUG:colcon.colcon_core.event_handler.log_command:Invoked command in '/home/lawrencehcj/calculator/src/receiver/build/receiver' returned '0': CMAKE_PREFIX_PATH=${CMAKE_PREFIX_PATH}:/opt/ros/humble /usr/bin/cmake --build /home/lawrencehcj/calculator/src/receiver/build/receiver -- -j2 -l2
[40.580s] DEBUG:colcon.colcon_core.event_handler.log_command:Invoking command in '/home/lawrencehcj/calculator/src/receiver/build/receiver': CMAKE_PREFIX_PATH=${CMAKE_PREFIX_PATH}:/opt/ros/humble /usr/bin/cmake --install /home/lawrencehcj/calculator/src/receiver/build/receiver
[40.636s] Level 1:colcon.colcon_core.environment:create_environment_scripts_only(receiver)
[40.639s] DEBUG:colcon.colcon_core.event_handler.log_command:Invoked command in '/home/lawrencehcj/calculator/src/receiver/build/receiver' returned '0': CMAKE_PREFIX_PATH=${CMAKE_PREFIX_PATH}:/opt/ros/humble /usr/bin/cmake --install /home/lawrencehcj/calculator/src/receiver/build/receiver
[40.644s] Level 1:colcon.colcon_core.environment:checking '/home/lawrencehcj/calculator/src/receiver/install/receiver' for CMake module files
[40.645s] Level 1:colcon.colcon_core.environment:checking '/home/lawrencehcj/calculator/src/receiver/install/receiver' for CMake config files
[40.645s] Level 1:colcon.colcon_core.shell:create_environment_hook('receiver', 'cmake_prefix_path')
[40.646s] INFO:colcon.colcon_core.shell:Creating environment hook '/home/lawrencehcj/calculator/src/receiver/install/receiver/share/receiver/hook/cmake_prefix_path.ps1'
[40.647s] INFO:colcon.colcon_core.shell:Creating environment descriptor '/home/lawrencehcj/calculator/src/receiver/install/receiver/share/receiver/hook/cmake_prefix_path.dsv'
[40.648s] INFO:colcon.colcon_core.shell:Creating environment hook '/home/lawrencehcj/calculator/src/receiver/install/receiver/share/receiver/hook/cmake_prefix_path.sh'
[40.651s] Level 1:colcon.colcon_core.environment:checking '/home/lawrencehcj/calculator/src/receiver/install/receiver/lib'
[40.651s] Level 1:colcon.colcon_core.environment:checking '/home/lawrencehcj/calculator/src/receiver/install/receiver/bin'
[40.651s] Level 1:colcon.colcon_core.environment:checking '/home/lawrencehcj/calculator/src/receiver/install/receiver/lib/pkgconfig/receiver.pc'
[40.652s] Level 1:colcon.colcon_core.environment:checking '/home/lawrencehcj/calculator/src/receiver/install/receiver/lib/python3.10/site-packages'
[40.652s] Level 1:colcon.colcon_core.environment:checking '/home/lawrencehcj/calculator/src/receiver/install/receiver/bin'
[40.653s] INFO:colcon.colcon_core.shell:Creating package script '/home/lawrencehcj/calculator/src/receiver/install/receiver/share/receiver/package.ps1'
[40.655s] INFO:colcon.colcon_core.shell:Creating package descriptor '/home/lawrencehcj/calculator/src/receiver/install/receiver/share/receiver/package.dsv'
[40.657s] INFO:colcon.colcon_core.shell:Creating package script '/home/lawrencehcj/calculator/src/receiver/install/receiver/share/receiver/package.sh'
[40.659s] INFO:colcon.colcon_core.shell:Creating package script '/home/lawrencehcj/calculator/src/receiver/install/receiver/share/receiver/package.bash'
[40.661s] INFO:colcon.colcon_core.shell:Creating package script '/home/lawrencehcj/calculator/src/receiver/install/receiver/share/receiver/package.zsh'
[40.663s] Level 1:colcon.colcon_core.environment:create_file_with_runtime_dependencies(/home/lawrencehcj/calculator/src/receiver/install/receiver/share/colcon-core/packages/receiver)
[40.664s] Level 1:colcon.colcon_core.environment:create_environment_scripts_only(receiver)
[40.665s] Level 1:colcon.colcon_core.environment:checking '/home/lawrencehcj/calculator/src/receiver/install/receiver' for CMake module files
[40.666s] Level 1:colcon.colcon_core.environment:checking '/home/lawrencehcj/calculator/src/receiver/install/receiver' for CMake config files
[40.667s] Level 1:colcon.colcon_core.shell:create_environment_hook('receiver', 'cmake_prefix_path')
[40.667s] INFO:colcon.colcon_core.shell:Creating environment hook '/home/lawrencehcj/calculator/src/receiver/install/receiver/share/receiver/hook/cmake_prefix_path.ps1'
[40.669s] INFO:colcon.colcon_core.shell:Creating environment descriptor '/home/lawrencehcj/calculator/src/receiver/install/receiver/share/receiver/hook/cmake_prefix_path.dsv'
[40.671s] INFO:colcon.colcon_core.shell:Creating environment hook '/home/lawrencehcj/calculator/src/receiver/install/receiver/share/receiver/hook/cmake_prefix_path.sh'
[40.673s] Level 1:colcon.colcon_core.environment:checking '/home/lawrencehcj/calculator/src/receiver/install/receiver/lib'
[40.673s] Level 1:colcon.colcon_core.environment:checking '/home/lawrencehcj/calculator/src/receiver/install/receiver/bin'
[40.673s] Level 1:colcon.colcon_core.environment:checking '/home/lawrencehcj/calculator/src/receiver/install/receiver/lib/pkgconfig/receiver.pc'
[40.674s] Level 1:colcon.colcon_core.environment:checking '/home/lawrencehcj/calculator/src/receiver/install/receiver/lib/python3.10/site-packages'
[40.674s] Level 1:colcon.colcon_core.environment:checking '/home/lawrencehcj/calculator/src/receiver/install/receiver/bin'
[40.675s] INFO:colcon.colcon_core.shell:Creating package script '/home/lawrencehcj/calculator/src/receiver/install/receiver/share/receiver/package.ps1'
[40.676s] INFO:colcon.colcon_core.shell:Creating package descriptor '/home/lawrencehcj/calculator/src/receiver/install/receiver/share/receiver/package.dsv'
[40.679s] INFO:colcon.colcon_core.shell:Creating package script '/home/lawrencehcj/calculator/src/receiver/install/receiver/share/receiver/package.sh'
[40.680s] INFO:colcon.colcon_core.shell:Creating package script '/home/lawrencehcj/calculator/src/receiver/install/receiver/share/receiver/package.bash'
[40.683s] INFO:colcon.colcon_core.shell:Creating package script '/home/lawrencehcj/calculator/src/receiver/install/receiver/share/receiver/package.zsh'
[40.684s] Level 1:colcon.colcon_core.environment:create_file_with_runtime_dependencies(/home/lawrencehcj/calculator/src/receiver/install/receiver/share/colcon-core/packages/receiver)
[40.685s] DEBUG:colcon.colcon_parallel_executor.executor.parallel:closing loop
[40.688s] DEBUG:colcon.colcon_parallel_executor.executor.parallel:loop closed
[40.688s] DEBUG:colcon.colcon_parallel_executor.executor.parallel:run_until_complete finished with '0'
[40.688s] DEBUG:colcon.colcon_core.event_reactor:joining thread
[40.704s] INFO:colcon.colcon_core.plugin_system:Skipping extension 'colcon_notification.desktop_notification.terminal_notifier': Not used on non-Darwin systems
[40.705s] INFO:colcon.colcon_core.plugin_system:Skipping extension 'colcon_notification.desktop_notification.win32': Not used on non-Windows systems
[40.705s] INFO:colcon.colcon_notification.desktop_notification:Sending desktop notification using 'notify2'
[40.746s] DEBUG:colcon.colcon_core.event_reactor:joined thread
[40.748s] INFO:colcon.colcon_core.shell:Creating prefix script '/home/lawrencehcj/calculator/src/receiver/install/local_setup.ps1'
[40.753s] INFO:colcon.colcon_core.shell:Creating prefix util module '/home/lawrencehcj/calculator/src/receiver/install/_local_setup_util_ps1.py'
[40.758s] INFO:colcon.colcon_core.shell:Creating prefix chain script '/home/lawrencehcj/calculator/src/receiver/install/setup.ps1'
[40.761s] INFO:colcon.colcon_core.shell:Creating prefix script '/home/lawrencehcj/calculator/src/receiver/install/local_setup.sh'
[40.762s] INFO:colcon.colcon_core.shell:Creating prefix util module '/home/lawrencehcj/calculator/src/receiver/install/_local_setup_util_sh.py'
[40.763s] INFO:colcon.colcon_core.shell:Creating prefix chain script '/home/lawrencehcj/calculator/src/receiver/install/setup.sh'
[40.764s] INFO:colcon.colcon_core.shell:Creating prefix script '/home/lawrencehcj/calculator/src/receiver/install/local_setup.bash'
[40.765s] INFO:colcon.colcon_core.shell:Creating prefix chain script '/home/lawrencehcj/calculator/src/receiver/install/setup.bash'
[40.767s] INFO:colcon.colcon_core.shell:Creating prefix script '/home/lawrencehcj/calculator/src/receiver/install/local_setup.zsh'
[40.768s] INFO:colcon.colcon_core.shell:Creating prefix chain script '/home/lawrencehcj/calculator/src/receiver/install/setup.zsh'
