[0.035s] Invoking command in '/home/lawrencehcj/calculator/build/receiver': CMAKE_PREFIX_PATH=${CMAKE_PREFIX_PATH}:/opt/ros/humble /usr/bin/cmake /home/lawrencehcj/calculator/receiver -DCMAKE_INSTALL_PREFIX=/home/lawrencehcj/calculator/install/receiver
[0.141s] -- The C compiler identification is GNU 11.4.0
[0.239s] -- The CXX compiler identification is GNU 11.4.0
[0.262s] -- Detecting C compiler ABI info
[0.404s] -- Detecting C compiler ABI info - done
[0.413s] -- Check for working C compiler: /usr/bin/cc - skipped
[0.414s] -- Detecting C compile features
[0.415s] -- Detecting C compile features - done
[0.421s] -- Detecting CXX compiler ABI info
[0.566s] -- Detecting CXX compiler ABI info - done
[0.580s] -- Check for working CXX compiler: /usr/bin/c++ - skipped
[0.581s] -- Detecting CXX compile features
[0.583s] -- Detecting CXX compile features - done
[0.585s] -- Found ament_cmake: 1.3.11 (/opt/ros/humble/share/ament_cmake/cmake)
[0.911s] -- Found Python3: /usr/bin/python3 (found version "3.10.12") found components: Interpreter 
[1.061s] -- Found rclcpp: 16.0.11 (/opt/ros/humble/share/rclcpp/cmake)
[1.125s] -- Found rosidl_generator_c: 3.1.6 (/opt/ros/humble/share/rosidl_generator_c/cmake)
[1.132s] -- Found rosidl_adapter: 3.1.6 (/opt/ros/humble/share/rosidl_adapter/cmake)
[1.143s] -- Found rosidl_generator_cpp: 3.1.6 (/opt/ros/humble/share/rosidl_generator_cpp/cmake)
[1.168s] -- Using all available rosidl_typesupport_c: rosidl_typesupport_fastrtps_c;rosidl_typesupport_introspection_c
[1.192s] -- Using all available rosidl_typesupport_cpp: rosidl_typesupport_fastrtps_cpp;rosidl_typesupport_introspection_cpp
[1.260s] -- Found rmw_implementation_cmake: 6.1.2 (/opt/ros/humble/share/rmw_implementation_cmake/cmake)
[1.263s] -- Found rmw_fastrtps_cpp: 6.2.7 (/opt/ros/humble/share/rmw_fastrtps_cpp/cmake)
[1.407s] -- Found OpenSSL: /usr/lib/x86_64-linux-gnu/libcrypto.so (found version "3.0.2")  
[1.451s] -- Found FastRTPS: /opt/ros/humble/include  
[1.508s] -- Using RMW implementation 'rmw_fastrtps_cpp' as default
[1.519s] -- Looking for pthread.h
[1.649s] -- Looking for pthread.h - found
[1.649s] -- Performing Test CMAKE_HAVE_LIBC_PTHREAD
[1.778s] -- Performing Test CMAKE_HAVE_LIBC_PTHREAD - Success
[1.780s] -- Found Threads: TRUE  
[1.860s] -- Found ament_lint_auto: 0.12.11 (/opt/ros/humble/share/ament_lint_auto/cmake)
[1.986s] -- Added test 'lint_cmake' to check CMake code style
[1.987s] -- Added test 'xmllint' to check XML markup files
[1.989s] -- Configuring done
[1.996s] -- Generating done
[2.002s] -- Build files have been written to: /home/lawrencehcj/calculator/build/receiver
[2.019s] Invoked command in '/home/lawrencehcj/calculator/build/receiver' returned '0': CMAKE_PREFIX_PATH=${CMAKE_PREFIX_PATH}:/opt/ros/humble /usr/bin/cmake /home/lawrencehcj/calculator/receiver -DCMAKE_INSTALL_PREFIX=/home/lawrencehcj/calculator/install/receiver
[2.020s] Invoking command in '/home/lawrencehcj/calculator/build/receiver': CMAKE_PREFIX_PATH=${CMAKE_PREFIX_PATH}:/opt/ros/humble /usr/bin/cmake --build /home/lawrencehcj/calculator/build/receiver -- -j2 -l2
[2.103s] Invoked command in '/home/lawrencehcj/calculator/build/receiver' returned '0': CMAKE_PREFIX_PATH=${CMAKE_PREFIX_PATH}:/opt/ros/humble /usr/bin/cmake --build /home/lawrencehcj/calculator/build/receiver -- -j2 -l2
[2.125s] Invoking command in '/home/lawrencehcj/calculator/build/receiver': CMAKE_PREFIX_PATH=${CMAKE_PREFIX_PATH}:/opt/ros/humble /usr/bin/cmake --install /home/lawrencehcj/calculator/build/receiver
[2.144s] -- Install configuration: ""
[2.144s] -- Installing: /home/lawrencehcj/calculator/install/receiver/share/ament_index/resource_index/package_run_dependencies/receiver
[2.144s] -- Installing: /home/lawrencehcj/calculator/install/receiver/share/ament_index/resource_index/parent_prefix_path/receiver
[2.144s] -- Installing: /home/lawrencehcj/calculator/install/receiver/share/receiver/environment/ament_prefix_path.sh
[2.144s] -- Installing: /home/lawrencehcj/calculator/install/receiver/share/receiver/environment/ament_prefix_path.dsv
[2.144s] -- Installing: /home/lawrencehcj/calculator/install/receiver/share/receiver/environment/path.sh
[2.145s] -- Installing: /home/lawrencehcj/calculator/install/receiver/share/receiver/environment/path.dsv
[2.145s] -- Installing: /home/lawrencehcj/calculator/install/receiver/share/receiver/local_setup.bash
[2.146s] -- Installing: /home/lawrencehcj/calculator/install/receiver/share/receiver/local_setup.sh
[2.146s] -- Installing: /home/lawrencehcj/calculator/install/receiver/share/receiver/local_setup.zsh
[2.146s] -- Installing: /home/lawrencehcj/calculator/install/receiver/share/receiver/local_setup.dsv
[2.146s] -- Installing: /home/lawrencehcj/calculator/install/receiver/share/receiver/package.dsv
[2.146s] -- Installing: /home/lawrencehcj/calculator/install/receiver/share/ament_index/resource_index/packages/receiver
[2.146s] -- Installing: /home/lawrencehcj/calculator/install/receiver/share/receiver/cmake/receiverConfig.cmake
[2.146s] -- Installing: /home/lawrencehcj/calculator/install/receiver/share/receiver/cmake/receiverConfig-version.cmake
[2.147s] -- Installing: /home/lawrencehcj/calculator/install/receiver/share/receiver/package.xml
[2.150s] Invoked command in '/home/lawrencehcj/calculator/build/receiver' returned '0': CMAKE_PREFIX_PATH=${CMAKE_PREFIX_PATH}:/opt/ros/humble /usr/bin/cmake --install /home/lawrencehcj/calculator/build/receiver
