[0.346s] DEBUG:colcon:Command line arguments: ['/usr/bin/colcon', 'build']
[0.347s] DEBUG:colcon:Parsed command line arguments: Namespace(log_base=None, log_level=None, verb_name='build', build_base='build', install_base='install', merge_install=False, symlink_install=False, test_result_base=None, continue_on_error=False, executor='parallel', parallel_workers=2, event_handlers=None, ignore_user_meta=False, metas=['./colcon.meta'], base_paths=['.'], packages_ignore=None, packages_ignore_regex=None, paths=None, packages_up_to=None, packages_up_to_regex=None, packages_above=None, packages_above_and_dependencies=None, packages_above_depth=None, packages_select_by_dep=None, packages_skip_by_dep=None, packages_skip_up_to=None, packages_select_build_failed=False, packages_skip_build_finished=False, packages_select_test_failures=False, packages_skip_test_passed=False, packages_select=None, packages_skip=None, packages_select_regex=None, packages_skip_regex=None, packages_start=None, packages_end=None, allow_overriding=[], cmake_args=None, cmake_target=None, cmake_target_skip_unavailable=False, cmake_clean_cache=False, cmake_clean_first=False, cmake_force_configure=False, ament_cmake_args=None, catkin_cmake_args=None, catkin_skip_building_tests=False, verb_parser=<colcon_defaults.argument_parser.defaults.DefaultArgumentsDecorator object at 0x7f2833048ca0>, verb_extension=<colcon_core.verb.build.BuildVerb object at 0x7f2833151f60>, main=<bound method BuildVerb.main of <colcon_core.verb.build.BuildVerb object at 0x7f2833151f60>>)
[1.033s] Level 1:colcon.colcon_core.package_discovery:discover_packages(colcon_meta) check parameters
[1.033s] Level 1:colcon.colcon_core.package_discovery:discover_packages(recursive) check parameters
[1.033s] Level 1:colcon.colcon_core.package_discovery:discover_packages(ignore) check parameters
[1.034s] Level 1:colcon.colcon_core.package_discovery:discover_packages(path) check parameters
[1.034s] Level 1:colcon.colcon_core.package_discovery:discover_packages(colcon_meta) discover
[1.034s] Level 1:colcon.colcon_core.package_discovery:discover_packages(recursive) discover
[1.034s] INFO:colcon.colcon_core.package_discovery:Crawling recursively for packages in '/home/lawrencehcj/calculator/src'
[1.034s] Level 1:colcon.colcon_core.package_identification:_identify(.) by extensions ['ignore', 'ignore_ament_install']
[1.034s] Level 1:colcon.colcon_core.package_identification:_identify(.) by extension 'ignore'
[1.034s] Level 1:colcon.colcon_core.package_identification:_identify(.) by extension 'ignore_ament_install'
[1.035s] Level 1:colcon.colcon_core.package_identification:_identify(.) by extensions ['colcon_pkg']
[1.035s] Level 1:colcon.colcon_core.package_identification:_identify(.) by extension 'colcon_pkg'
[1.035s] Level 1:colcon.colcon_core.package_identification:_identify(.) by extensions ['colcon_meta']
[1.035s] Level 1:colcon.colcon_core.package_identification:_identify(.) by extension 'colcon_meta'
[1.035s] Level 1:colcon.colcon_core.package_identification:_identify(.) by extensions ['ros']
[1.036s] Level 1:colcon.colcon_core.package_identification:_identify(.) by extension 'ros'
[1.100s] Level 1:colcon.colcon_core.package_identification:_identify(.) by extensions ['cmake', 'python']
[1.102s] Level 1:colcon.colcon_core.package_identification:_identify(.) by extension 'cmake'
[1.102s] Level 1:colcon.colcon_core.package_identification:_identify(.) by extension 'python'
[1.102s] Level 1:colcon.colcon_core.package_identification:_identify(.) by extensions ['python_setup_py']
[1.102s] Level 1:colcon.colcon_core.package_identification:_identify(.) by extension 'python_setup_py'
[1.103s] Level 1:colcon.colcon_core.package_identification:_identify(build) by extensions ['ignore', 'ignore_ament_install']
[1.103s] Level 1:colcon.colcon_core.package_identification:_identify(build) by extension 'ignore'
[1.104s] Level 1:colcon.colcon_core.package_identification:_identify(build) ignored
[1.104s] Level 1:colcon.colcon_core.package_identification:_identify(install) by extensions ['ignore', 'ignore_ament_install']
[1.104s] Level 1:colcon.colcon_core.package_identification:_identify(install) by extension 'ignore'
[1.104s] Level 1:colcon.colcon_core.package_identification:_identify(install) ignored
[1.105s] Level 1:colcon.colcon_core.package_identification:_identify(log) by extensions ['ignore', 'ignore_ament_install']
[1.105s] Level 1:colcon.colcon_core.package_identification:_identify(log) by extension 'ignore'
[1.105s] Level 1:colcon.colcon_core.package_identification:_identify(log) ignored
[1.105s] Level 1:colcon.colcon_core.package_identification:_identify(publisher) by extensions ['ignore', 'ignore_ament_install']
[1.105s] Level 1:colcon.colcon_core.package_identification:_identify(publisher) by extension 'ignore'
[1.106s] Level 1:colcon.colcon_core.package_identification:_identify(publisher) by extension 'ignore_ament_install'
[1.106s] Level 1:colcon.colcon_core.package_identification:_identify(publisher) by extensions ['colcon_pkg']
[1.108s] Level 1:colcon.colcon_core.package_identification:_identify(publisher) by extension 'colcon_pkg'
[1.108s] Level 1:colcon.colcon_core.package_identification:_identify(publisher) by extensions ['colcon_meta']
[1.108s] Level 1:colcon.colcon_core.package_identification:_identify(publisher) by extension 'colcon_meta'
[1.108s] Level 1:colcon.colcon_core.package_identification:_identify(publisher) by extensions ['ros']
[1.108s] Level 1:colcon.colcon_core.package_identification:_identify(publisher) by extension 'ros'
[1.117s] DEBUG:colcon.colcon_core.package_identification:Package 'publisher' with type 'ros.ament_cmake' and name 'publisher'
[1.119s] Level 1:colcon.colcon_core.package_identification:_identify(receiver) by extensions ['ignore', 'ignore_ament_install']
[1.119s] Level 1:colcon.colcon_core.package_identification:_identify(receiver) by extension 'ignore'
[1.119s] Level 1:colcon.colcon_core.package_identification:_identify(receiver) by extension 'ignore_ament_install'
[1.119s] Level 1:colcon.colcon_core.package_identification:_identify(receiver) by extensions ['colcon_pkg']
[1.119s] Level 1:colcon.colcon_core.package_identification:_identify(receiver) by extension 'colcon_pkg'
[1.120s] Level 1:colcon.colcon_core.package_identification:_identify(receiver) by extensions ['colcon_meta']
[1.120s] Level 1:colcon.colcon_core.package_identification:_identify(receiver) by extension 'colcon_meta'
[1.120s] Level 1:colcon.colcon_core.package_identification:_identify(receiver) by extensions ['ros']
[1.120s] Level 1:colcon.colcon_core.package_identification:_identify(receiver) by extension 'ros'
[1.122s] DEBUG:colcon.colcon_core.package_identification:Package 'receiver' with type 'ros.ament_cmake' and name 'receiver'
[1.123s] Level 1:colcon.colcon_core.package_discovery:discover_packages(recursive) using defaults
[1.123s] Level 1:colcon.colcon_core.package_discovery:discover_packages(ignore) discover
[1.123s] Level 1:colcon.colcon_core.package_discovery:discover_packages(ignore) using defaults
[1.123s] Level 1:colcon.colcon_core.package_discovery:discover_packages(path) discover
[1.123s] Level 1:colcon.colcon_core.package_discovery:discover_packages(path) using defaults
[1.218s] Level 1:colcon.colcon_core.package_discovery:discover_packages(prefix_path) check parameters
[1.219s] Level 1:colcon.colcon_core.package_discovery:discover_packages(prefix_path) discover
[1.229s] DEBUG:colcon.colcon_installed_package_information.package_discovery:Found 1 installed packages in /home/lawrencehcj/ros2_ws/install
[1.237s] DEBUG:colcon.colcon_installed_package_information.package_discovery:Found 306 installed packages in /opt/ros/humble
[1.307s] Level 1:colcon.colcon_core.package_discovery:discover_packages(prefix_path) using defaults
[1.501s] Level 5:colcon.colcon_core.verb:set package 'publisher' build argument 'cmake_args' from command line to 'None'
[1.501s] Level 5:colcon.colcon_core.verb:set package 'publisher' build argument 'cmake_target' from command line to 'None'
[1.501s] Level 5:colcon.colcon_core.verb:set package 'publisher' build argument 'cmake_target_skip_unavailable' from command line to 'False'
[1.501s] Level 5:colcon.colcon_core.verb:set package 'publisher' build argument 'cmake_clean_cache' from command line to 'False'
[1.501s] Level 5:colcon.colcon_core.verb:set package 'publisher' build argument 'cmake_clean_first' from command line to 'False'
[1.501s] Level 5:colcon.colcon_core.verb:set package 'publisher' build argument 'cmake_force_configure' from command line to 'False'
[1.501s] Level 5:colcon.colcon_core.verb:set package 'publisher' build argument 'ament_cmake_args' from command line to 'None'
[1.502s] Level 5:colcon.colcon_core.verb:set package 'publisher' build argument 'catkin_cmake_args' from command line to 'None'
[1.502s] Level 5:colcon.colcon_core.verb:set package 'publisher' build argument 'catkin_skip_building_tests' from command line to 'False'
[1.502s] DEBUG:colcon.colcon_core.verb:Building package 'publisher' with the following arguments: {'ament_cmake_args': None, 'build_base': '/home/lawrencehcj/calculator/src/build/publisher', 'catkin_cmake_args': None, 'catkin_skip_building_tests': False, 'cmake_args': None, 'cmake_clean_cache': False, 'cmake_clean_first': False, 'cmake_force_configure': False, 'cmake_target': None, 'cmake_target_skip_unavailable': False, 'install_base': '/home/lawrencehcj/calculator/src/install/publisher', 'merge_install': False, 'path': '/home/lawrencehcj/calculator/src/publisher', 'symlink_install': False, 'test_result_base': None}
[1.504s] Level 5:colcon.colcon_core.verb:set package 'receiver' build argument 'cmake_args' from command line to 'None'
[1.504s] Level 5:colcon.colcon_core.verb:set package 'receiver' build argument 'cmake_target' from command line to 'None'
[1.504s] Level 5:colcon.colcon_core.verb:set package 'receiver' build argument 'cmake_target_skip_unavailable' from command line to 'False'
[1.504s] Level 5:colcon.colcon_core.verb:set package 'receiver' build argument 'cmake_clean_cache' from command line to 'False'
[1.504s] Level 5:colcon.colcon_core.verb:set package 'receiver' build argument 'cmake_clean_first' from command line to 'False'
[1.504s] Level 5:colcon.colcon_core.verb:set package 'receiver' build argument 'cmake_force_configure' from command line to 'False'
[1.504s] Level 5:colcon.colcon_core.verb:set package 'receiver' build argument 'ament_cmake_args' from command line to 'None'
[1.505s] Level 5:colcon.colcon_core.verb:set package 'receiver' build argument 'catkin_cmake_args' from command line to 'None'
[1.505s] Level 5:colcon.colcon_core.verb:set package 'receiver' build argument 'catkin_skip_building_tests' from command line to 'False'
[1.505s] DEBUG:colcon.colcon_core.verb:Building package 'receiver' with the following arguments: {'ament_cmake_args': None, 'build_base': '/home/lawrencehcj/calculator/src/build/receiver', 'catkin_cmake_args': None, 'catkin_skip_building_tests': False, 'cmake_args': None, 'cmake_clean_cache': False, 'cmake_clean_first': False, 'cmake_force_configure': False, 'cmake_target': None, 'cmake_target_skip_unavailable': False, 'install_base': '/home/lawrencehcj/calculator/src/install/receiver', 'merge_install': False, 'path': '/home/lawrencehcj/calculator/src/receiver', 'symlink_install': False, 'test_result_base': None}
[1.505s] INFO:colcon.colcon_core.executor:Executing jobs using 'parallel' executor
[1.513s] DEBUG:colcon.colcon_parallel_executor.executor.parallel:run_until_complete
[1.516s] INFO:colcon.colcon_ros.task.ament_cmake.build:Building ROS package in '/home/lawrencehcj/calculator/src/publisher' with build type 'ament_cmake'
[1.517s] INFO:colcon.colcon_cmake.task.cmake.build:Building CMake package in '/home/lawrencehcj/calculator/src/publisher'
[1.526s] INFO:colcon.colcon_core.plugin_system:Skipping extension 'colcon_core.shell.bat': Not used on non-Windows systems
[1.529s] INFO:colcon.colcon_core.shell:Skip shell extension 'powershell' for command environment: Not usable outside of PowerShell
[1.529s] DEBUG:colcon.colcon_core.shell:Skip shell extension 'dsv' for command environment
[1.550s] INFO:colcon.colcon_ros.task.ament_cmake.build:Building ROS package in '/home/lawrencehcj/calculator/src/receiver' with build type 'ament_cmake'
[1.550s] INFO:colcon.colcon_cmake.task.cmake.build:Building CMake package in '/home/lawrencehcj/calculator/src/receiver'
[1.551s] INFO:colcon.colcon_core.shell:Skip shell extension 'powershell' for command environment: Not usable outside of PowerShell
[1.551s] DEBUG:colcon.colcon_core.shell:Skip shell extension 'dsv' for command environment
[1.622s] DEBUG:colcon.colcon_core.event_handler.log_command:Invoking command in '/home/lawrencehcj/calculator/src/build/publisher': CMAKE_PREFIX_PATH=${CMAKE_PREFIX_PATH}:/opt/ros/humble /usr/bin/cmake --build /home/lawrencehcj/calculator/src/build/publisher -- -j2 -l2
[1.669s] DEBUG:colcon.colcon_core.event_handler.log_command:Invoking command in '/home/lawrencehcj/calculator/src/build/receiver': CMAKE_PREFIX_PATH=${CMAKE_PREFIX_PATH}:/opt/ros/humble /usr/bin/cmake --build /home/lawrencehcj/calculator/src/build/receiver -- -j2 -l2
[2.515s] DEBUG:colcon.colcon_core.event_handler.log_command:Invoked command in '/home/lawrencehcj/calculator/src/build/publisher' returned '0': CMAKE_PREFIX_PATH=${CMAKE_PREFIX_PATH}:/opt/ros/humble /usr/bin/cmake --build /home/lawrencehcj/calculator/src/build/publisher -- -j2 -l2
[2.603s] DEBUG:colcon.colcon_core.event_handler.log_command:Invoking command in '/home/lawrencehcj/calculator/src/build/publisher': CMAKE_PREFIX_PATH=${CMAKE_PREFIX_PATH}:/opt/ros/humble /usr/bin/cmake --install /home/lawrencehcj/calculator/src/build/publisher
[2.630s] DEBUG:colcon.colcon_core.event_handler.log_command:Invoked command in '/home/lawrencehcj/calculator/src/build/receiver' returned '0': CMAKE_PREFIX_PATH=${CMAKE_PREFIX_PATH}:/opt/ros/humble /usr/bin/cmake --build /home/lawrencehcj/calculator/src/build/receiver -- -j2 -l2
[2.636s] DEBUG:colcon.colcon_core.event_handler.log_command:Invoking command in '/home/lawrencehcj/calculator/src/build/receiver': CMAKE_PREFIX_PATH=${CMAKE_PREFIX_PATH}:/opt/ros/humble /usr/bin/cmake --install /home/lawrencehcj/calculator/src/build/receiver
[2.804s] Level 1:colcon.colcon_core.environment:create_environment_scripts_only(publisher)
[2.821s] DEBUG:colcon.colcon_core.event_handler.log_command:Invoked command in '/home/lawrencehcj/calculator/src/build/publisher' returned '0': CMAKE_PREFIX_PATH=${CMAKE_PREFIX_PATH}:/opt/ros/humble /usr/bin/cmake --install /home/lawrencehcj/calculator/src/build/publisher
[2.826s] Level 1:colcon.colcon_core.environment:checking '/home/lawrencehcj/calculator/src/install/publisher' for CMake module files
[2.833s] Level 1:colcon.colcon_core.environment:checking '/home/lawrencehcj/calculator/src/install/publisher' for CMake config files
[2.838s] Level 1:colcon.colcon_core.shell:create_environment_hook('publisher', 'cmake_prefix_path')
[2.838s] INFO:colcon.colcon_core.shell:Creating environment hook '/home/lawrencehcj/calculator/src/install/publisher/share/publisher/hook/cmake_prefix_path.ps1'
[2.849s] INFO:colcon.colcon_core.shell:Creating environment descriptor '/home/lawrencehcj/calculator/src/install/publisher/share/publisher/hook/cmake_prefix_path.dsv'
[2.851s] INFO:colcon.colcon_core.shell:Creating environment hook '/home/lawrencehcj/calculator/src/install/publisher/share/publisher/hook/cmake_prefix_path.sh'
[2.864s] Level 1:colcon.colcon_core.environment:checking '/home/lawrencehcj/calculator/src/install/publisher/lib'
[2.865s] Level 1:colcon.colcon_core.environment:checking '/home/lawrencehcj/calculator/src/install/publisher/bin'
[2.865s] Level 1:colcon.colcon_core.environment:checking '/home/lawrencehcj/calculator/src/install/publisher/lib/pkgconfig/publisher.pc'
[2.866s] Level 1:colcon.colcon_core.environment:checking '/home/lawrencehcj/calculator/src/install/publisher/lib/python3.10/site-packages'
[2.867s] Level 1:colcon.colcon_core.environment:checking '/home/lawrencehcj/calculator/src/install/publisher/bin'
[2.869s] INFO:colcon.colcon_core.shell:Creating package script '/home/lawrencehcj/calculator/src/install/publisher/share/publisher/package.ps1'
[2.871s] INFO:colcon.colcon_core.shell:Creating package descriptor '/home/lawrencehcj/calculator/src/install/publisher/share/publisher/package.dsv'
[2.876s] INFO:colcon.colcon_core.shell:Creating package script '/home/lawrencehcj/calculator/src/install/publisher/share/publisher/package.sh'
[2.879s] INFO:colcon.colcon_core.shell:Creating package script '/home/lawrencehcj/calculator/src/install/publisher/share/publisher/package.bash'
[2.883s] INFO:colcon.colcon_core.shell:Creating package script '/home/lawrencehcj/calculator/src/install/publisher/share/publisher/package.zsh'
[2.885s] Level 1:colcon.colcon_core.environment:create_file_with_runtime_dependencies(/home/lawrencehcj/calculator/src/install/publisher/share/colcon-core/packages/publisher)
[2.889s] Level 1:colcon.colcon_core.environment:create_environment_scripts_only(publisher)
[2.890s] Level 1:colcon.colcon_core.environment:checking '/home/lawrencehcj/calculator/src/install/publisher' for CMake module files
[2.893s] Level 1:colcon.colcon_core.environment:checking '/home/lawrencehcj/calculator/src/install/publisher' for CMake config files
[2.894s] Level 1:colcon.colcon_core.shell:create_environment_hook('publisher', 'cmake_prefix_path')
[2.896s] INFO:colcon.colcon_core.shell:Creating environment hook '/home/lawrencehcj/calculator/src/install/publisher/share/publisher/hook/cmake_prefix_path.ps1'
[2.898s] INFO:colcon.colcon_core.shell:Creating environment descriptor '/home/lawrencehcj/calculator/src/install/publisher/share/publisher/hook/cmake_prefix_path.dsv'
[2.900s] INFO:colcon.colcon_core.shell:Creating environment hook '/home/lawrencehcj/calculator/src/install/publisher/share/publisher/hook/cmake_prefix_path.sh'
[2.903s] Level 1:colcon.colcon_core.environment:checking '/home/lawrencehcj/calculator/src/install/publisher/lib'
[2.903s] Level 1:colcon.colcon_core.environment:checking '/home/lawrencehcj/calculator/src/install/publisher/bin'
[2.904s] Level 1:colcon.colcon_core.environment:checking '/home/lawrencehcj/calculator/src/install/publisher/lib/pkgconfig/publisher.pc'
[2.906s] Level 1:colcon.colcon_core.environment:checking '/home/lawrencehcj/calculator/src/install/publisher/lib/python3.10/site-packages'
[2.907s] Level 1:colcon.colcon_core.environment:checking '/home/lawrencehcj/calculator/src/install/publisher/bin'
[2.909s] INFO:colcon.colcon_core.shell:Creating package script '/home/lawrencehcj/calculator/src/install/publisher/share/publisher/package.ps1'
[2.913s] INFO:colcon.colcon_core.shell:Creating package descriptor '/home/lawrencehcj/calculator/src/install/publisher/share/publisher/package.dsv'
[2.915s] INFO:colcon.colcon_core.shell:Creating package script '/home/lawrencehcj/calculator/src/install/publisher/share/publisher/package.sh'
[2.917s] INFO:colcon.colcon_core.shell:Creating package script '/home/lawrencehcj/calculator/src/install/publisher/share/publisher/package.bash'
[2.919s] INFO:colcon.colcon_core.shell:Creating package script '/home/lawrencehcj/calculator/src/install/publisher/share/publisher/package.zsh'
[2.923s] Level 1:colcon.colcon_core.environment:create_file_with_runtime_dependencies(/home/lawrencehcj/calculator/src/install/publisher/share/colcon-core/packages/publisher)
[2.929s] Level 1:colcon.colcon_core.environment:create_environment_scripts_only(receiver)
[2.929s] Level 1:colcon.colcon_core.environment:checking '/home/lawrencehcj/calculator/src/install/receiver' for CMake module files
[2.932s] DEBUG:colcon.colcon_core.event_handler.log_command:Invoked command in '/home/lawrencehcj/calculator/src/build/receiver' returned '0': CMAKE_PREFIX_PATH=${CMAKE_PREFIX_PATH}:/opt/ros/humble /usr/bin/cmake --install /home/lawrencehcj/calculator/src/build/receiver
[2.934s] Level 1:colcon.colcon_core.environment:checking '/home/lawrencehcj/calculator/src/install/receiver' for CMake config files
[2.935s] Level 1:colcon.colcon_core.shell:create_environment_hook('receiver', 'cmake_prefix_path')
[2.936s] INFO:colcon.colcon_core.shell:Creating environment hook '/home/lawrencehcj/calculator/src/install/receiver/share/receiver/hook/cmake_prefix_path.ps1'
[2.941s] INFO:colcon.colcon_core.shell:Creating environment descriptor '/home/lawrencehcj/calculator/src/install/receiver/share/receiver/hook/cmake_prefix_path.dsv'
[2.943s] INFO:colcon.colcon_core.shell:Creating environment hook '/home/lawrencehcj/calculator/src/install/receiver/share/receiver/hook/cmake_prefix_path.sh'
[2.946s] Level 1:colcon.colcon_core.environment:checking '/home/lawrencehcj/calculator/src/install/receiver/lib'
[2.946s] Level 1:colcon.colcon_core.environment:checking '/home/lawrencehcj/calculator/src/install/receiver/bin'
[2.946s] Level 1:colcon.colcon_core.environment:checking '/home/lawrencehcj/calculator/src/install/receiver/lib/pkgconfig/receiver.pc'
[2.947s] Level 1:colcon.colcon_core.environment:checking '/home/lawrencehcj/calculator/src/install/receiver/lib/python3.10/site-packages'
[2.949s] Level 1:colcon.colcon_core.environment:checking '/home/lawrencehcj/calculator/src/install/receiver/bin'
[2.950s] INFO:colcon.colcon_core.shell:Creating package script '/home/lawrencehcj/calculator/src/install/receiver/share/receiver/package.ps1'
[2.951s] INFO:colcon.colcon_core.shell:Creating package descriptor '/home/lawrencehcj/calculator/src/install/receiver/share/receiver/package.dsv'
[2.955s] INFO:colcon.colcon_core.shell:Creating package script '/home/lawrencehcj/calculator/src/install/receiver/share/receiver/package.sh'
[2.958s] INFO:colcon.colcon_core.shell:Creating package script '/home/lawrencehcj/calculator/src/install/receiver/share/receiver/package.bash'
[2.961s] INFO:colcon.colcon_core.shell:Creating package script '/home/lawrencehcj/calculator/src/install/receiver/share/receiver/package.zsh'
[2.963s] Level 1:colcon.colcon_core.environment:create_file_with_runtime_dependencies(/home/lawrencehcj/calculator/src/install/receiver/share/colcon-core/packages/receiver)
[2.966s] Level 1:colcon.colcon_core.environment:create_environment_scripts_only(receiver)
[2.967s] Level 1:colcon.colcon_core.environment:checking '/home/lawrencehcj/calculator/src/install/receiver' for CMake module files
[2.971s] Level 1:colcon.colcon_core.environment:checking '/home/lawrencehcj/calculator/src/install/receiver' for CMake config files
[2.972s] Level 1:colcon.colcon_core.shell:create_environment_hook('receiver', 'cmake_prefix_path')
[2.973s] INFO:colcon.colcon_core.shell:Creating environment hook '/home/lawrencehcj/calculator/src/install/receiver/share/receiver/hook/cmake_prefix_path.ps1'
[2.976s] INFO:colcon.colcon_core.shell:Creating environment descriptor '/home/lawrencehcj/calculator/src/install/receiver/share/receiver/hook/cmake_prefix_path.dsv'
[2.980s] INFO:colcon.colcon_core.shell:Creating environment hook '/home/lawrencehcj/calculator/src/install/receiver/share/receiver/hook/cmake_prefix_path.sh'
[2.982s] Level 1:colcon.colcon_core.environment:checking '/home/lawrencehcj/calculator/src/install/receiver/lib'
[2.982s] Level 1:colcon.colcon_core.environment:checking '/home/lawrencehcj/calculator/src/install/receiver/bin'
[2.982s] Level 1:colcon.colcon_core.environment:checking '/home/lawrencehcj/calculator/src/install/receiver/lib/pkgconfig/receiver.pc'
[2.983s] Level 1:colcon.colcon_core.environment:checking '/home/lawrencehcj/calculator/src/install/receiver/lib/python3.10/site-packages'
[2.985s] Level 1:colcon.colcon_core.environment:checking '/home/lawrencehcj/calculator/src/install/receiver/bin'
[2.985s] INFO:colcon.colcon_core.shell:Creating package script '/home/lawrencehcj/calculator/src/install/receiver/share/receiver/package.ps1'
[2.988s] INFO:colcon.colcon_core.shell:Creating package descriptor '/home/lawrencehcj/calculator/src/install/receiver/share/receiver/package.dsv'
[2.990s] INFO:colcon.colcon_core.shell:Creating package script '/home/lawrencehcj/calculator/src/install/receiver/share/receiver/package.sh'
[2.993s] INFO:colcon.colcon_core.shell:Creating package script '/home/lawrencehcj/calculator/src/install/receiver/share/receiver/package.bash'
[2.995s] INFO:colcon.colcon_core.shell:Creating package script '/home/lawrencehcj/calculator/src/install/receiver/share/receiver/package.zsh'
[2.995s] Level 1:colcon.colcon_core.environment:create_file_with_runtime_dependencies(/home/lawrencehcj/calculator/src/install/receiver/share/colcon-core/packages/receiver)
[2.999s] DEBUG:colcon.colcon_parallel_executor.executor.parallel:closing loop
[3.003s] DEBUG:colcon.colcon_parallel_executor.executor.parallel:loop closed
[3.005s] DEBUG:colcon.colcon_parallel_executor.executor.parallel:run_until_complete finished with '0'
[3.005s] DEBUG:colcon.colcon_core.event_reactor:joining thread
[3.033s] INFO:colcon.colcon_core.plugin_system:Skipping extension 'colcon_notification.desktop_notification.terminal_notifier': Not used on non-Darwin systems
[3.033s] INFO:colcon.colcon_core.plugin_system:Skipping extension 'colcon_notification.desktop_notification.win32': Not used on non-Windows systems
[3.034s] INFO:colcon.colcon_notification.desktop_notification:Sending desktop notification using 'notify2'
[3.103s] DEBUG:colcon.colcon_core.event_reactor:joined thread
[3.106s] INFO:colcon.colcon_core.shell:Creating prefix script '/home/lawrencehcj/calculator/src/install/local_setup.ps1'
[3.116s] INFO:colcon.colcon_core.shell:Creating prefix util module '/home/lawrencehcj/calculator/src/install/_local_setup_util_ps1.py'
[3.126s] INFO:colcon.colcon_core.shell:Creating prefix chain script '/home/lawrencehcj/calculator/src/install/setup.ps1'
[3.135s] INFO:colcon.colcon_core.shell:Creating prefix script '/home/lawrencehcj/calculator/src/install/local_setup.sh'
[3.142s] INFO:colcon.colcon_core.shell:Creating prefix util module '/home/lawrencehcj/calculator/src/install/_local_setup_util_sh.py'
[3.146s] INFO:colcon.colcon_core.shell:Creating prefix chain script '/home/lawrencehcj/calculator/src/install/setup.sh'
[3.158s] INFO:colcon.colcon_core.shell:Creating prefix script '/home/lawrencehcj/calculator/src/install/local_setup.bash'
[3.162s] INFO:colcon.colcon_core.shell:Creating prefix chain script '/home/lawrencehcj/calculator/src/install/setup.bash'
[3.167s] INFO:colcon.colcon_core.shell:Creating prefix script '/home/lawrencehcj/calculator/src/install/local_setup.zsh'
[3.173s] INFO:colcon.colcon_core.shell:Creating prefix chain script '/home/lawrencehcj/calculator/src/install/setup.zsh'
